TN:
SF:src/components/AllTransactionsModal.tsx
FN:19,(anonymous_0)
FN:35,(anonymous_1)
FN:40,(anonymous_2)
FN:48,(anonymous_3)
FN:62,(anonymous_4)
FN:68,(anonymous_5)
FN:74,(anonymous_6)
FN:81,(anonymous_7)
FN:130,(anonymous_8)
FN:142,(anonymous_9)
FN:146,(anonymous_10)
FN:165,(anonymous_11)
FN:218,(anonymous_12)
FN:221,(anonymous_13)
FNF:14
FNH:0
FNDA:0,(anonymous_0)
FNDA:0,(anonymous_1)
FNDA:0,(anonymous_2)
FNDA:0,(anonymous_3)
FNDA:0,(anonymous_4)
FNDA:0,(anonymous_5)
FNDA:0,(anonymous_6)
FNDA:0,(anonymous_7)
FNDA:0,(anonymous_8)
FNDA:0,(anonymous_9)
FNDA:0,(anonymous_10)
FNDA:0,(anonymous_11)
FNDA:0,(anonymous_12)
FNDA:0,(anonymous_13)
DA:19,0
DA:24,0
DA:25,0
DA:26,0
DA:27,0
DA:29,0
DA:32,0
DA:35,0
DA:36,0
DA:39,0
DA:40,0
DA:41,0
DA:47,0
DA:48,0
DA:51,0
DA:52,0
DA:56,0
DA:57,0
DA:58,0
DA:59,0
DA:62,0
DA:63,0
DA:64,0
DA:68,0
DA:69,0
DA:70,0
DA:74,0
DA:75,0
DA:76,0
DA:81,0
DA:82,0
DA:83,0
DA:85,0
DA:86,0
DA:87,0
DA:90,0
DA:91,0
DA:93,0
DA:94,0
DA:98,0
DA:101,0
DA:103,0
DA:130,0
DA:142,0
DA:147,0
DA:166,0
DA:219,0
DA:221,0
LF:48
LH:0
BRDA:39,0,0,0
BRDA:39,0,1,0
BRDA:41,1,0,0
BRDA:41,1,1,0
BRDA:47,2,0,0
BRDA:47,2,1,0
BRDA:63,3,0,0
BRDA:63,3,1,0
BRDA:63,4,0,0
BRDA:63,4,1,0
BRDA:69,5,0,0
BRDA:69,5,1,0
BRDA:75,6,0,0
BRDA:75,6,1,0
BRDA:85,7,0,0
BRDA:85,7,1,0
BRDA:101,8,0,0
BRDA:101,8,1,0
BRDA:157,9,0,0
BRDA:157,9,1,0
BRDA:172,10,0,0
BRDA:172,10,1,0
BRDA:175,11,0,0
BRDA:175,11,1,0
BRDA:187,12,0,0
BRDA:187,12,1,0
BRDA:189,13,0,0
BRDA:189,13,1,0
BRDA:199,14,0,0
BRDA:199,14,1,0
BRDA:223,15,0,0
BRDA:223,15,1,0
BRF:32
BRH:0
end_of_record
TN:
SF:src/components/AnalysisSkeleton.tsx
FN:3,(anonymous_0)
FN:32,(anonymous_1)
FN:63,(anonymous_2)
FN:77,(anonymous_3)
FN:99,(anonymous_4)
FN:114,(anonymous_5)
FNF:6
FNH:0
FNDA:0,(anonymous_0)
FNDA:0,(anonymous_1)
FNDA:0,(anonymous_2)
FNDA:0,(anonymous_3)
FNDA:0,(anonymous_4)
FNDA:0,(anonymous_5)
DA:3,0
DA:4,0
DA:33,0
DA:64,0
DA:78,0
DA:100,0
DA:115,0
LF:7
LH:0
BRF:0
BRH:0
end_of_record
TN:
SF:src/components/AppSkeleton.tsx
FN:3,(anonymous_0)
FN:35,(anonymous_1)
FN:59,(anonymous_2)
FN:77,(anonymous_3)
FN:91,(anonymous_4)
FN:110,(anonymous_5)
FNF:6
FNH:0
FNDA:0,(anonymous_0)
FNDA:0,(anonymous_1)
FNDA:0,(anonymous_2)
FNDA:0,(anonymous_3)
FNDA:0,(anonymous_4)
FNDA:0,(anonymous_5)
DA:3,0
DA:4,0
DA:36,0
DA:60,0
DA:78,0
DA:92,0
DA:111,0
LF:7
LH:0
BRF:0
BRH:0
end_of_record
TN:
SF:src/components/BalanceChart.tsx
FN:17,(anonymous_0)
FN:19,(anonymous_1)
FN:33,(anonymous_2)
FN:47,(anonymous_3)
FN:59,(anonymous_4)
FN:113,(anonymous_5)
FN:121,(anonymous_6)
FN:131,(anonymous_7)
FN:132,(anonymous_8)
FN:134,(anonymous_9)
FN:135,(anonymous_10)
FN:220,(anonymous_11)
FNF:12
FNH:0
FNDA:0,(anonymous_0)
FNDA:0,(anonymous_1)
FNDA:0,(anonymous_2)
FNDA:0,(anonymous_3)
FNDA:0,(anonymous_4)
FNDA:0,(anonymous_5)
FNDA:0,(anonymous_6)
FNDA:0,(anonymous_7)
FNDA:0,(anonymous_8)
FNDA:0,(anonymous_9)
FNDA:0,(anonymous_10)
FNDA:0,(anonymous_11)
DA:17,0
DA:19,0
DA:20,0
DA:21,0
DA:23,0
DA:24,0
DA:25,0
DA:26,0
DA:28,0
DA:33,0
DA:34,0
DA:35,0
DA:37,0
DA:38,0
DA:39,0
DA:40,0
DA:42,0
DA:47,0
DA:59,0
DA:60,0
DA:61,0
DA:62,0
DA:63,0
DA:70,0
DA:109,0
DA:113,0
DA:114,0
DA:115,0
DA:117,0
DA:121,0
DA:122,0
DA:123,0
DA:130,0
DA:131,0
DA:132,0
DA:134,0
DA:135,0
DA:138,0
DA:139,0
DA:141,0
DA:221,0
DA:222,0
DA:235,0
LF:43
LH:0
BRDA:17,0,0,0
BRDA:20,1,0,0
BRDA:20,1,1,0
BRDA:20,2,0,0
BRDA:20,2,1,0
BRDA:23,3,0,0
BRDA:23,3,1,0
BRDA:25,4,0,0
BRDA:25,4,1,0
BRDA:34,5,0,0
BRDA:34,5,1,0
BRDA:34,6,0,0
BRDA:34,6,1,0
BRDA:37,7,0,0
BRDA:37,7,1,0
BRDA:39,8,0,0
BRDA:39,8,1,0
BRDA:55,9,0,0
BRDA:55,9,1,0
BRDA:60,10,0,0
BRDA:60,10,1,0
BRDA:60,11,0,0
BRDA:60,11,1,0
BRDA:60,11,2,0
BRDA:74,12,0,0
BRDA:74,12,1,0
BRDA:87,13,0,0
BRDA:87,13,1,0
BRDA:88,14,0,0
BRDA:88,14,1,0
BRDA:91,15,0,0
BRDA:91,15,1,0
BRDA:92,16,0,0
BRDA:92,16,1,0
BRDA:114,17,0,0
BRDA:114,17,1,0
BRDA:131,18,0,0
BRDA:131,18,1,0
BRDA:221,19,0,0
BRDA:221,19,1,0
BRDA:241,20,0,0
BRDA:241,20,1,0
BRF:42
BRH:0
end_of_record
TN:
SF:src/components/BalanceChartMobile.tsx
FN:20,(anonymous_0)
FN:25,(anonymous_1)
FN:39,(anonymous_2)
FN:53,(anonymous_3)
FN:61,(anonymous_4)
FN:69,(anonymous_5)
FN:70,(anonymous_6)
FN:76,(anonymous_7)
FN:85,(anonymous_8)
FN:101,(anonymous_9)
FN:105,(anonymous_10)
FN:125,(anonymous_11)
FN:126,(anonymous_12)
FN:142,(anonymous_13)
FN:157,(anonymous_14)
FN:162,(anonymous_15)
FN:178,(anonymous_16)
FN:179,(anonymous_17)
FN:224,(anonymous_18)
FN:241,(anonymous_19)
FN:246,(anonymous_20)
FNF:21
FNH:0
FNDA:0,(anonymous_0)
FNDA:0,(anonymous_1)
FNDA:0,(anonymous_2)
FNDA:0,(anonymous_3)
FNDA:0,(anonymous_4)
FNDA:0,(anonymous_5)
FNDA:0,(anonymous_6)
FNDA:0,(anonymous_7)
FNDA:0,(anonymous_8)
FNDA:0,(anonymous_9)
FNDA:0,(anonymous_10)
FNDA:0,(anonymous_11)
FNDA:0,(anonymous_12)
FNDA:0,(anonymous_13)
FNDA:0,(anonymous_14)
FNDA:0,(anonymous_15)
FNDA:0,(anonymous_16)
FNDA:0,(anonymous_17)
FNDA:0,(anonymous_18)
FNDA:0,(anonymous_19)
FNDA:0,(anonymous_20)
DA:18,0
DA:20,0
DA:21,0
DA:22,0
DA:23,0
DA:25,0
DA:26,0
DA:27,0
DA:29,0
DA:30,0
DA:31,0
DA:32,0
DA:34,0
DA:39,0
DA:40,0
DA:41,0
DA:43,0
DA:44,0
DA:45,0
DA:46,0
DA:48,0
DA:53,0
DA:60,0
DA:62,0
DA:63,0
DA:69,0
DA:70,0
DA:76,0
DA:77,0
DA:78,0
DA:79,0
DA:81,0
DA:85,0
DA:86,0
DA:100,0
DA:101,0
DA:105,0
DA:106,0
DA:107,0
DA:108,0
DA:109,0
DA:113,0
DA:125,0
DA:126,0
DA:143,0
DA:144,0
DA:157,0
DA:163,0
DA:166,0
DA:167,0
DA:168,0
DA:169,0
DA:172,0
DA:173,0
DA:174,0
DA:177,0
DA:178,0
DA:179,0
DA:180,0
DA:181,0
DA:182,0
DA:185,0
DA:186,0
DA:187,0
DA:190,0
DA:193,0
DA:194,0
DA:195,0
DA:198,0
DA:202,0
DA:203,0
DA:204,0
DA:207,0
DA:209,0
DA:224,0
DA:241,0
DA:246,0
DA:301,0
LF:78
LH:0
BRDA:20,0,0,0
BRDA:26,1,0,0
BRDA:26,1,1,0
BRDA:26,2,0,0
BRDA:26,2,1,0
BRDA:29,3,0,0
BRDA:29,3,1,0
BRDA:31,4,0,0
BRDA:31,4,1,0
BRDA:40,5,0,0
BRDA:40,5,1,0
BRDA:40,6,0,0
BRDA:40,6,1,0
BRDA:43,7,0,0
BRDA:43,7,1,0
BRDA:45,8,0,0
BRDA:45,8,1,0
BRDA:57,9,0,0
BRDA:57,9,1,0
BRDA:69,10,0,0
BRDA:69,10,1,0
BRDA:70,11,0,0
BRDA:78,12,0,0
BRDA:78,12,1,0
BRDA:78,13,0,0
BRDA:78,13,1,0
BRDA:107,14,0,0
BRDA:107,14,1,0
BRDA:107,15,0,0
BRDA:107,15,1,0
BRDA:125,16,0,0
BRDA:126,17,0,0
BRDA:163,18,0,0
BRDA:163,18,1,0
BRDA:178,19,0,0
BRDA:178,19,1,0
BRDA:194,20,0,0
BRDA:194,20,1,0
BRDA:251,21,0,0
BRDA:251,21,1,0
BRDA:263,22,0,0
BRDA:263,22,1,0
BRDA:269,23,0,0
BRDA:269,23,1,0
BRDA:274,24,0,0
BRDA:274,24,1,0
BRDA:275,25,0,0
BRDA:275,25,1,0
BRDA:282,26,0,0
BRDA:282,26,1,0
BRDA:283,27,0,0
BRDA:283,27,1,0
BRDA:287,28,0,0
BRDA:287,28,1,0
BRDA:288,29,0,0
BRDA:288,29,1,0
BRF:56
BRH:0
end_of_record
TN:
SF:src/components/BalanceRecordItem.tsx
FN:23,(anonymous_0)
FN:34,(anonymous_1)
FN:51,(anonymous_2)
FNF:3
FNH:0
FNDA:0,(anonymous_0)
FNDA:0,(anonymous_1)
FNDA:0,(anonymous_2)
DA:23,0
DA:30,0
DA:31,0
DA:32,0
DA:34,0
DA:36,0
DA:39,0
DA:40,0
DA:41,0
DA:43,0
DA:44,0
DA:51,0
DA:52,0
DA:53,0
DA:59,0
DA:111,0
LF:16
LH:0
BRDA:40,0,0,0
BRDA:40,0,1,0
BRDA:40,1,0,0
BRDA:40,1,1,0
BRDA:40,1,2,0
BRDA:46,2,0,0
BRDA:46,2,1,0
BRDA:60,3,0,0
BRDA:60,3,1,0
BRDA:64,4,0,0
BRDA:64,4,1,0
BRDA:70,5,0,0
BRDA:70,5,1,0
BRDA:106,6,0,0
BRDA:106,6,1,0
BRF:15
BRH:0
end_of_record
TN:
SF:src/components/Button.tsx
FN:25,(anonymous_0)
FN:36,(anonymous_1)
FN:53,(anonymous_2)
FNF:3
FNH:0
FNDA:0,(anonymous_0)
FNDA:0,(anonymous_1)
FNDA:0,(anonymous_2)
DA:25,0
DA:36,0
DA:37,0
DA:39,0
DA:41,0
DA:43,0
DA:45,0
DA:47,0
DA:49,0
DA:53,0
DA:54,0
DA:56,0
DA:58,0
DA:60,0
DA:62,0
DA:64,0
DA:66,0
DA:70,0
DA:72,0
DA:99,0
LF:20
LH:0
BRDA:28,0,0,0
BRDA:29,1,0,0
BRDA:30,2,0,0
BRDA:31,3,0,0
BRDA:39,4,0,0
BRDA:39,4,1,0
BRDA:39,4,2,0
BRDA:39,4,3,0
BRDA:39,4,4,0
BRDA:41,5,0,0
BRDA:41,5,1,0
BRDA:43,6,0,0
BRDA:43,6,1,0
BRDA:45,7,0,0
BRDA:45,7,1,0
BRDA:47,8,0,0
BRDA:47,8,1,0
BRDA:49,9,0,0
BRDA:49,9,1,0
BRDA:56,10,0,0
BRDA:56,10,1,0
BRDA:56,10,2,0
BRDA:56,10,3,0
BRDA:56,10,4,0
BRDA:58,11,0,0
BRDA:58,11,1,0
BRDA:60,12,0,0
BRDA:60,12,1,0
BRDA:62,13,0,0
BRDA:62,13,1,0
BRDA:64,14,0,0
BRDA:64,14,1,0
BRDA:66,15,0,0
BRDA:66,15,1,0
BRDA:70,16,0,0
BRDA:70,16,1,0
BRDA:79,17,0,0
BRDA:79,17,1,0
BRDA:83,18,0,0
BRDA:83,18,1,0
BRDA:91,19,0,0
BRDA:91,19,1,0
BRDA:143,20,0,0
BRDA:143,20,1,0
BRF:44
BRH:0
end_of_record
TN:
SF:src/components/CategorySelector.tsx
FN:29,(anonymous_0)
FN:37,(anonymous_1)
FN:39,(anonymous_2)
FN:51,(anonymous_3)
FN:74,(anonymous_4)
FN:82,(anonymous_5)
FN:90,(anonymous_6)
FN:91,(anonymous_7)
FN:97,(anonymous_8)
FNF:9
FNH:0
FNDA:0,(anonymous_0)
FNDA:0,(anonymous_1)
FNDA:0,(anonymous_2)
FNDA:0,(anonymous_3)
FNDA:0,(anonymous_4)
FNDA:0,(anonymous_5)
FNDA:0,(anonymous_6)
FNDA:0,(anonymous_7)
FNDA:0,(anonymous_8)
DA:21,0
DA:29,0
DA:35,0
DA:37,0
DA:39,0
DA:40,0
DA:41,0
DA:44,0
DA:51,0
DA:74,0
DA:82,0
DA:90,0
DA:92,0
DA:97,0
DA:122,0
LF:15
LH:0
BRDA:33,0,0,0
BRDA:49,1,0,0
BRDA:49,1,1,0
BRDA:54,2,0,0
BRDA:54,2,1,0
BRDA:68,3,0,0
BRDA:68,3,1,0
BRDA:95,4,0,0
BRDA:95,4,1,0
BRDA:104,5,0,0
BRDA:104,5,1,0
BRDA:108,6,0,0
BRDA:108,6,1,0
BRF:13
BRH:0
end_of_record
TN:
SF:src/components/ChatComponent.tsx
FN:30,(anonymous_0)
FN:43,(anonymous_1)
FN:46,(anonymous_2)
FN:50,(anonymous_3)
FN:58,(anonymous_4)
FN:64,(anonymous_5)
FN:70,(anonymous_6)
FN:81,(anonymous_7)
FN:90,(anonymous_8)
FN:95,(anonymous_9)
FN:100,(anonymous_10)
FN:108,(anonymous_11)
FN:112,(anonymous_12)
FN:158,(anonymous_13)
FNF:14
FNH:0
FNDA:0,(anonymous_0)
FNDA:0,(anonymous_1)
FNDA:0,(anonymous_2)
FNDA:0,(anonymous_3)
FNDA:0,(anonymous_4)
FNDA:0,(anonymous_5)
FNDA:0,(anonymous_6)
FNDA:0,(anonymous_7)
FNDA:0,(anonymous_8)
FNDA:0,(anonymous_9)
FNDA:0,(anonymous_10)
FNDA:0,(anonymous_11)
FNDA:0,(anonymous_12)
FNDA:0,(anonymous_13)
DA:30,0
DA:35,0
DA:36,0
DA:37,0
DA:38,0
DA:39,0
DA:40,0
DA:43,0
DA:44,0
DA:47,0
DA:48,0
DA:50,0
DA:51,0
DA:56,0
DA:59,0
DA:60,0
DA:64,0
DA:65,0
DA:66,0
DA:70,0
DA:71,0
DA:72,0
DA:74,0
DA:81,0
DA:82,0
DA:83,0
DA:90,0
DA:91,0
DA:92,0
DA:95,0
DA:96,0
DA:100,0
DA:101,0
DA:108,0
DA:109,0
DA:112,0
DA:113,0
DA:119,0
DA:159,0
DA:160,0
DA:246,0
LF:41
LH:0
BRDA:82,0,0,0
BRDA:82,0,1,0
BRDA:122,1,0,0
BRDA:122,1,1,0
BRDA:123,2,0,0
BRDA:123,2,1,0
BRDA:159,3,0,0
BRDA:159,3,1,0
BRDA:165,4,0,0
BRDA:165,4,1,0
BRDA:180,5,0,0
BRDA:180,5,1,0
BRDA:194,6,0,0
BRDA:194,6,1,0
BRDA:199,7,0,0
BRDA:199,7,1,0
BRDA:206,8,0,0
BRDA:206,8,1,0
BRDA:220,9,0,0
BRDA:220,9,1,0
BRDA:220,10,0,0
BRDA:220,10,1,0
BRF:22
BRH:0
end_of_record
TN:
SF:src/components/CustomSlider.tsx
FN:18,(anonymous_0)
FNF:1
FNH:0
FNDA:0,(anonymous_0)
DA:18,0
DA:30,0
DA:48,0
LF:3
LH:0
BRDA:24,0,0,0
BRDA:25,1,0,0
BRDA:26,2,0,0
BRDA:27,3,0,0
BRDA:28,4,0,0
BRF:5
BRH:0
end_of_record
TN:
SF:src/components/FloatingNavBar.tsx
FN:12,(anonymous_0)
FN:16,(anonymous_1)
FN:26,(anonymous_2)
FN:64,(anonymous_3)
FN:96,(anonymous_4)
FN:128,(anonymous_5)
FNF:6
FNH:0
FNDA:0,(anonymous_0)
FNDA:0,(anonymous_1)
FNDA:0,(anonymous_2)
FNDA:0,(anonymous_3)
FNDA:0,(anonymous_4)
FNDA:0,(anonymous_5)
DA:12,0
DA:13,0
DA:14,0
DA:16,0
DA:18,0
DA:26,0
DA:28,0
DA:41,0
DA:44,0
DA:64,0
DA:96,0
DA:128,0
DA:148,0
LF:13
LH:0
BRDA:50,0,0,0
BRDA:50,0,1,0
BRDA:54,1,0,0
BRDA:54,1,1,0
BRDA:71,2,0,0
BRDA:71,2,1,0
BRDA:73,3,0,0
BRDA:73,3,1,0
BRDA:82,4,0,0
BRDA:82,4,1,0
BRDA:86,5,0,0
BRDA:86,5,1,0
BRDA:103,6,0,0
BRDA:103,6,1,0
BRDA:105,7,0,0
BRDA:105,7,1,0
BRDA:114,8,0,0
BRDA:114,8,1,0
BRDA:118,9,0,0
BRDA:118,9,1,0
BRDA:135,10,0,0
BRDA:135,10,1,0
BRDA:137,11,0,0
BRDA:137,11,1,0
BRF:24
BRH:0
end_of_record
TN:
SF:src/components/FloatingNavigationPanel.tsx
FN:9,(anonymous_0)
FN:38,(anonymous_1)
FN:45,(anonymous_2)
FNF:3
FNH:0
FNDA:0,(anonymous_0)
FNDA:0,(anonymous_1)
FNDA:0,(anonymous_2)
DA:9,0
DA:13,0
DA:34,0
DA:39,0
DA:40,0
DA:42,0
DA:47,0
LF:7
LH:0
BRDA:51,0,0,0
BRDA:51,0,1,0
BRDA:56,1,0,0
BRDA:56,1,1,0
BRDA:57,2,0,0
BRDA:57,2,1,0
BRDA:62,3,0,0
BRDA:62,3,1,0
BRDA:69,4,0,0
BRDA:69,4,1,0
BRF:10
BRH:0
end_of_record
TN:
SF:src/components/IOSStatusBar.tsx
FN:11,(anonymous_0)
FNF:1
FNH:0
FNDA:0,(anonymous_0)
DA:11,0
DA:16,0
DA:17,0
DA:20,0
LF:4
LH:0
BRDA:12,0,0,0
BRDA:13,1,0,0
BRDA:14,2,0,0
BRDA:16,3,0,0
BRDA:16,3,1,0
BRF:5
BRH:0
end_of_record
TN:
SF:src/components/Input.tsx
FN:30,(anonymous_0)
FN:48,(anonymous_1)
FN:52,(anonymous_2)
FN:90,(anonymous_3)
FN:91,(anonymous_4)
FNF:5
FNH:0
FNDA:0,(anonymous_0)
FNDA:0,(anonymous_1)
FNDA:0,(anonymous_2)
FNDA:0,(anonymous_3)
FNDA:0,(anonymous_4)
DA:30,0
DA:45,0
DA:46,0
DA:48,0
DA:49,0
DA:52,0
DA:53,0
DA:55,0
DA:56,0
DA:57,0
DA:59,0
DA:63,0
DA:65,0
DA:73,0
DA:90,0
DA:91,0
DA:114,0
LF:17
LH:0
BRDA:35,0,0,0
BRDA:36,1,0,0
BRDA:37,2,0,0
BRDA:38,3,0,0
BRDA:40,4,0,0
BRDA:41,5,0,0
BRDA:43,6,0,0
BRDA:53,7,0,0
BRDA:53,7,1,0
BRDA:56,8,0,0
BRDA:56,8,1,0
BRDA:63,9,0,0
BRDA:63,9,1,0
BRDA:63,10,0,0
BRDA:63,10,1,0
BRDA:67,11,0,0
BRDA:67,11,1,0
BRDA:68,12,0,0
BRDA:68,12,1,0
BRDA:69,13,0,0
BRDA:69,13,1,0
BRDA:75,14,0,0
BRDA:75,14,1,0
BRDA:84,15,0,0
BRDA:84,15,1,0
BRDA:94,16,0,0
BRDA:94,16,1,0
BRDA:100,17,0,0
BRDA:100,17,1,0
BRDA:109,18,0,0
BRDA:109,18,1,0
BRDA:144,19,0,0
BRDA:144,19,1,0
BRDA:161,20,0,0
BRDA:161,20,1,0
BRF:35
BRH:0
end_of_record
TN:
SF:src/components/SettingsComponent.tsx
FN:18,(anonymous_0)
FN:19,(anonymous_1)
FNF:2
FNH:0
FNDA:0,(anonymous_0)
FNDA:0,(anonymous_1)
DA:18,0
DA:19,0
DA:20,0
DA:37,0
DA:123,0
LF:5
LH:0
BRF:0
BRH:0
end_of_record
TN:
SF:src/components/SettingsMenu.tsx
FN:14,(anonymous_0)
FN:18,(anonymous_1)
FN:19,(anonymous_2)
FN:29,(anonymous_3)
FN:41,(anonymous_4)
FN:42,(anonymous_5)
FN:43,(anonymous_6)
FN:52,(anonymous_7)
FN:53,(anonymous_8)
FN:54,(anonymous_9)
FN:63,(anonymous_10)
FN:64,(anonymous_11)
FN:65,(anonymous_12)
FN:74,(anonymous_13)
FN:75,(anonymous_14)
FN:76,(anonymous_15)
FN:115,(anonymous_16)
FN:122,(anonymous_17)
FN:145,(anonymous_18)
FNF:19
FNH:0
FNDA:0,(anonymous_0)
FNDA:0,(anonymous_1)
FNDA:0,(anonymous_2)
FNDA:0,(anonymous_3)
FNDA:0,(anonymous_4)
FNDA:0,(anonymous_5)
FNDA:0,(anonymous_6)
FNDA:0,(anonymous_7)
FNDA:0,(anonymous_8)
FNDA:0,(anonymous_9)
FNDA:0,(anonymous_10)
FNDA:0,(anonymous_11)
FNDA:0,(anonymous_12)
FNDA:0,(anonymous_13)
FNDA:0,(anonymous_14)
FNDA:0,(anonymous_15)
FNDA:0,(anonymous_16)
FNDA:0,(anonymous_17)
FNDA:0,(anonymous_18)
DA:14,0
DA:15,0
DA:16,0
DA:18,0
DA:19,0
DA:20,0
DA:21,0
DA:25,0
DA:26,0
DA:29,0
DA:30,0
DA:34,0
DA:41,0
DA:42,0
DA:43,0
DA:52,0
DA:53,0
DA:54,0
DA:63,0
DA:64,0
DA:65,0
DA:74,0
DA:75,0
DA:76,0
DA:81,0
DA:83,0
DA:116,0
DA:117,0
DA:119,0
DA:122,0
DA:146,0
LF:31
LH:0
BRDA:20,0,0,0
BRDA:20,0,1,0
BRDA:20,1,0,0
BRDA:20,1,1,0
BRDA:25,2,0,0
BRDA:25,2,1,0
BRDA:81,3,0,0
BRDA:81,3,1,0
BRDA:105,4,0,0
BRDA:105,4,1,0
BRDA:107,5,0,0
BRDA:107,5,1,0
BRDA:108,6,0,0
BRDA:108,6,1,0
BRDA:122,7,0,0
BRDA:122,7,1,0
BRDA:135,8,0,0
BRDA:135,8,1,0
BRDA:142,9,0,0
BRDA:142,9,1,0
BRF:20
BRH:0
end_of_record
TN:
SF:src/components/Toast.tsx
FN:25,(anonymous_0)
FN:37,(anonymous_1)
FN:54,(anonymous_2)
FN:58,(anonymous_3)
FN:64,(anonymous_4)
FN:76,(anonymous_5)
FN:81,(anonymous_6)
FNF:7
FNH:0
FNDA:0,(anonymous_0)
FNDA:0,(anonymous_1)
FNDA:0,(anonymous_2)
FNDA:0,(anonymous_3)
FNDA:0,(anonymous_4)
FNDA:0,(anonymous_5)
FNDA:0,(anonymous_6)
DA:13,0
DA:25,0
DA:34,0
DA:35,0
DA:37,0
DA:38,0
DA:40,0
DA:54,0
DA:55,0
DA:58,0
DA:60,0
DA:64,0
DA:65,0
DA:77,0
DA:81,0
DA:82,0
DA:84,0
DA:91,0
DA:98,0
DA:105,0
DA:114,0
DA:116,0
DA:118,0
DA:171,0
LF:24
LH:0
BRDA:28,0,0,0
BRDA:29,1,0,0
BRDA:38,2,0,0
BRDA:38,2,1,0
BRDA:82,3,0,0
BRDA:82,3,1,0
BRDA:82,3,2,0
BRDA:82,3,3,0
BRDA:116,4,0,0
BRDA:116,4,1,0
BRDA:149,5,0,0
BRDA:149,5,1,0
BRDA:149,5,2,0
BRF:13
BRH:0
end_of_record
TN:
SF:src/components/WebAppSkeleton.tsx
FN:17,(anonymous_0)
FN:22,(anonymous_1)
FN:39,(anonymous_2)
FN:49,(anonymous_3)
FN:141,(anonymous_4)
FN:158,(anonymous_5)
FN:180,(anonymous_6)
FNF:7
FNH:0
FNDA:0,(anonymous_0)
FNDA:0,(anonymous_1)
FNDA:0,(anonymous_2)
FNDA:0,(anonymous_3)
FNDA:0,(anonymous_4)
FNDA:0,(anonymous_5)
FNDA:0,(anonymous_6)
DA:11,0
DA:17,0
DA:20,0
DA:22,0
DA:23,0
DA:37,0
DA:39,0
DA:42,0
DA:49,0
DA:60,0
DA:74,0
DA:142,0
DA:159,0
DA:181,0
DA:201,0
LF:15
LH:0
BRDA:18,0,0,0
BRDA:52,1,0,0
BRDA:53,2,0,0
BRF:3
BRH:0
end_of_record
TN:
SF:src/components/shared/Card.tsx
FN:13,(anonymous_0)
FN:20,(anonymous_1)
FN:30,(anonymous_2)
FN:64,(anonymous_3)
FNF:4
FNH:0
FNDA:0,(anonymous_0)
FNDA:0,(anonymous_1)
FNDA:0,(anonymous_2)
FNDA:0,(anonymous_3)
DA:13,0
DA:20,0
DA:21,0
DA:22,0
DA:23,0
DA:24,0
DA:25,0
DA:26,0
DA:30,0
DA:31,0
DA:32,0
DA:33,0
DA:40,0
DA:47,0
DA:54,0
DA:64,0
DA:65,0
DA:66,0
DA:67,0
DA:68,0
DA:69,0
DA:70,0
DA:74,0
DA:91,0
LF:24
LH:0
BRDA:16,0,0,0
BRDA:17,1,0,0
BRDA:18,2,0,0
BRDA:21,3,0,0
BRDA:21,3,1,0
BRDA:21,3,2,0
BRDA:21,3,3,0
BRDA:21,3,4,0
BRDA:31,4,0,0
BRDA:31,4,1,0
BRDA:31,4,2,0
BRDA:31,4,3,0
BRDA:31,4,4,0
BRDA:65,5,0,0
BRDA:65,5,1,0
BRDA:65,5,2,0
BRDA:65,5,3,0
BRDA:65,5,4,0
BRF:18
BRH:0
end_of_record
TN:
SF:src/components/shared/Header.tsx
FN:16,(anonymous_0)
FNF:1
FNH:0
FNDA:0,(anonymous_0)
DA:16,0
DA:25,0
DA:52,0
LF:3
LH:0
BRDA:21,0,0,0
BRDA:22,1,0,0
BRDA:28,2,0,0
BRDA:28,2,1,0
BRDA:28,2,2,0
BRDA:36,3,0,0
BRDA:36,3,1,0
BRDA:41,4,0,0
BRDA:41,4,1,0
BRDA:41,4,2,0
BRF:10
BRH:0
end_of_record
TN:
SF:src/components/shared/PercentageCard.tsx
FN:14,(anonymous_0)
FNF:1
FNH:0
FNDA:0,(anonymous_0)
DA:14,0
DA:21,0
DA:34,0
LF:3
LH:0
BRF:0
BRH:0
end_of_record
TN:
SF:src/components/shared/SkeletonLoader.tsx
FN:13,(anonymous_0)
FN:22,(anonymous_1)
FN:39,(anonymous_2)
FNF:3
FNH:0
FNDA:0,(anonymous_0)
FNDA:0,(anonymous_1)
FNDA:0,(anonymous_2)
DA:13,0
DA:20,0
DA:22,0
DA:23,0
DA:37,0
DA:39,0
DA:42,0
DA:49,0
DA:57,0
LF:9
LH:0
BRDA:14,0,0,0
BRDA:15,1,0,0
BRDA:16,2,0,0
BRF:3
BRH:0
end_of_record
TN:
SF:src/components/shared/TransactionItem.tsx
FN:16,(anonymous_0)
FNF:1
FNH:0
FNDA:0,(anonymous_0)
DA:16,0
DA:23,0
DA:24,0
DA:25,0
DA:27,0
DA:50,0
LF:6
LH:0
BRDA:24,0,0,0
BRDA:24,0,1,0
BRDA:25,1,0,0
BRDA:25,1,1,0
BRDA:43,2,0,0
BRDA:43,2,1,0
BRF:6
BRH:0
end_of_record
TN:
SF:src/constants/financialProfile.ts
FN:32,(anonymous_0)
FN:33,(anonymous_1)
FNF:2
FNH:0
FNDA:0,(anonymous_0)
FNDA:0,(anonymous_1)
DA:3,0
DA:32,0
DA:33,0
LF:3
LH:0
BRF:0
BRH:0
end_of_record
TN:
SF:src/contexts/FinancialDataContext.tsx
FN:47,(anonymous_0)
FN:63,(anonymous_1)
FN:137,(anonymous_2)
FNF:3
FNH:0
FNDA:0,(anonymous_0)
FNDA:0,(anonymous_1)
FNDA:0,(anonymous_2)
DA:41,0
DA:47,0
DA:48,0
DA:58,0
DA:60,0
DA:63,0
DA:64,0
DA:65,0
DA:66,0
DA:72,0
DA:73,0
DA:78,0
DA:90,0
DA:118,0
DA:130,0
DA:137,0
DA:138,0
DA:139,0
DA:140,0
DA:142,0
LF:20
LH:0
BRDA:58,0,0,0
BRDA:58,0,1,0
BRDA:79,1,0,0
BRDA:79,1,1,0
BRDA:79,1,2,0
BRDA:80,2,0,0
BRDA:80,2,1,0
BRDA:80,2,2,0
BRDA:81,3,0,0
BRDA:81,3,1,0
BRDA:82,4,0,0
BRDA:82,4,1,0
BRDA:83,5,0,0
BRDA:83,5,1,0
BRDA:83,5,2,0
BRDA:84,6,0,0
BRDA:84,6,1,0
BRDA:84,6,2,0
BRDA:84,6,3,0
BRDA:85,7,0,0
BRDA:85,7,1,0
BRDA:86,8,0,0
BRDA:86,8,1,0
BRDA:90,9,0,0
BRDA:90,9,1,0
BRDA:139,10,0,0
BRDA:139,10,1,0
BRF:27
BRH:0
end_of_record
TN:
SF:src/contexts/UserContext.tsx
FN:20,(anonymous_0)
FN:24,(anonymous_1)
FN:25,(anonymous_2)
FN:30,(anonymous_3)
FN:33,(anonymous_4)
FN:34,(anonymous_5)
FN:37,(anonymous_6)
FN:60,(anonymous_7)
FNF:8
FNH:0
FNDA:0,(anonymous_0)
FNDA:0,(anonymous_1)
FNDA:0,(anonymous_2)
FNDA:0,(anonymous_3)
FNDA:0,(anonymous_4)
FNDA:0,(anonymous_5)
FNDA:0,(anonymous_6)
FNDA:0,(anonymous_7)
DA:14,0
DA:20,0
DA:21,0
DA:22,0
DA:24,0
DA:25,0
DA:26,0
DA:27,0
DA:30,0
DA:33,0
DA:34,0
DA:37,0
DA:38,0
DA:39,0
DA:42,0
DA:44,0
DA:53,0
DA:60,0
DA:61,0
DA:62,0
DA:63,0
DA:65,0
LF:22
LH:0
BRDA:34,0,0,0
BRDA:34,0,1,0
BRDA:62,1,0,0
BRDA:62,1,1,0
BRF:4
BRH:0
end_of_record
TN:
SF:src/data/mockData.ts
FNF:0
FNH:0
DA:2,0
DA:13,0
DA:23,0
DA:30,0
DA:36,0
DA:43,0
DA:56,0
DA:62,0
DA:69,0
DA:79,0
DA:92,0
LF:11
LH:0
BRF:0
BRH:0
end_of_record
TN:
SF:src/firebase/config.ts
FN:14,(anonymous_0)
FNF:1
FNH:0
FNDA:0,(anonymous_0)
DA:9,0
DA:10,0
DA:13,0
DA:14,0
DA:16,0
DA:17,0
DA:18,0
DA:19,0
DA:20,0
DA:24,0
DA:25,0
DA:26,0
DA:29,0
LF:13
LH:0
BRDA:16,0,0,0
BRDA:16,0,1,0
BRF:2
BRH:0
end_of_record
TN:
SF:src/firebase/firebaseConfig.ts
FN:76,(anonymous_0)
FNF:1
FNH:0
FNDA:0,(anonymous_0)
DA:39,0
DA:76,0
DA:77,0
DA:78,0
DA:79,0
DA:81,0
LF:6
LH:0
BRDA:42,0,0,0
BRDA:42,0,1,0
BRDA:43,1,0,0
BRDA:43,1,1,0
BRDA:44,2,0,0
BRDA:44,2,1,0
BRDA:45,3,0,0
BRDA:45,3,1,0
BRDA:46,4,0,0
BRDA:46,4,1,0
BRDA:47,5,0,0
BRDA:47,5,1,0
BRDA:48,6,0,0
BRDA:48,6,1,0
BRDA:53,7,0,0
BRDA:53,7,1,0
BRDA:54,8,0,0
BRDA:54,8,1,0
BRDA:55,9,0,0
BRDA:55,9,1,0
BRDA:56,10,0,0
BRDA:56,10,1,0
BRDA:57,11,0,0
BRDA:57,11,1,0
BRDA:58,12,0,0
BRDA:58,12,1,0
BRDA:59,13,0,0
BRDA:59,13,1,0
BRDA:65,14,0,0
BRDA:65,14,1,0
BRDA:66,15,0,0
BRDA:66,15,1,0
BRDA:67,16,0,0
BRDA:67,16,1,0
BRDA:68,17,0,0
BRDA:68,17,1,0
BRDA:69,18,0,0
BRDA:69,18,1,0
BRDA:70,19,0,0
BRDA:70,19,1,0
BRDA:71,20,0,0
BRDA:71,20,1,0
BRDA:78,21,0,0
BRDA:78,21,1,0
BRF:44
BRH:0
end_of_record
TN:
SF:src/firebase/testConnection.ts
FN:9,(anonymous_0)
FN:36,(anonymous_1)
FNF:2
FNH:0
FNDA:0,(anonymous_0)
FNDA:0,(anonymous_1)
DA:9,0
DA:10,0
DA:11,0
DA:14,0
DA:15,0
DA:16,0
DA:19,0
DA:20,0
DA:21,0
DA:22,0
DA:25,0
DA:26,0
DA:28,0
DA:30,0
DA:31,0
DA:36,0
DA:37,0
DA:38,0
DA:41,0
DA:42,0
DA:43,0
DA:46,0
DA:47,0
DA:48,0
DA:51,0
DA:52,0
DA:54,0
DA:55,0
LF:28
LH:0
BRDA:41,0,0,0
BRDA:41,0,1,0
BRDA:46,1,0,0
BRDA:46,1,1,0
BRF:4
BRH:0
end_of_record
TN:
SF:src/firebase/testEnvVars.ts
FN:10,(anonymous_0)
FNF:1
FNH:0
FNDA:0,(anonymous_0)
DA:10,0
DA:11,0
DA:14,0
DA:15,0
DA:16,0
DA:19,0
DA:20,0
DA:21,0
DA:24,0
DA:25,0
DA:26,0
DA:29,0
DA:30,0
DA:31,0
DA:33,0
DA:34,0
DA:35,0
DA:36,0
DA:38,0
DA:39,0
DA:40,0
DA:41,0
DA:43,0
DA:46,0
LF:24
LH:0
BRDA:15,0,0,0
BRDA:15,0,1,0
BRDA:16,1,0,0
BRDA:16,1,1,0
BRDA:20,2,0,0
BRDA:20,2,1,0
BRDA:21,3,0,0
BRDA:21,3,1,0
BRDA:25,4,0,0
BRDA:25,4,1,0
BRDA:26,5,0,0
BRDA:26,5,1,0
BRDA:34,6,0,0
BRDA:34,6,1,0
BRDA:35,7,0,0
BRDA:35,7,1,0
BRDA:36,8,0,0
BRDA:36,8,1,0
BRDA:38,9,0,0
BRDA:38,9,1,0
BRDA:38,10,0,0
BRDA:38,10,1,0
BRDA:38,10,2,0
BRF:23
BRH:0
end_of_record
TN:
SF:src/hooks/useBalance.ts
FN:5,(anonymous_0)
FN:13,(anonymous_1)
FN:28,(anonymous_2)
FN:43,(anonymous_3)
FN:65,(anonymous_4)
FN:98,(anonymous_5)
FNF:6
FNH:0
FNDA:0,(anonymous_0)
FNDA:0,(anonymous_1)
FNDA:0,(anonymous_2)
FNDA:0,(anonymous_3)
FNDA:0,(anonymous_4)
FNDA:0,(anonymous_5)
DA:5,0
DA:6,0
DA:7,0
DA:8,0
DA:9,0
DA:10,0
DA:13,0
DA:14,0
DA:15,0
DA:16,0
DA:17,0
DA:18,0
DA:20,0
DA:21,0
DA:23,0
DA:28,0
DA:29,0
DA:30,0
DA:31,0
DA:32,0
DA:33,0
DA:35,0
DA:36,0
DA:38,0
DA:43,0
DA:44,0
DA:45,0
DA:46,0
DA:47,0
DA:48,0
DA:49,0
DA:50,0
DA:52,0
DA:53,0
DA:54,0
DA:55,0
DA:57,0
DA:58,0
DA:60,0
DA:65,0
DA:71,0
DA:72,0
DA:73,0
DA:74,0
DA:76,0
DA:78,0
DA:83,0
DA:85,0
DA:86,0
DA:89,0
DA:90,0
DA:91,0
DA:93,0
DA:98,0
DA:99,0
DA:100,0
DA:101,0
DA:102,0
DA:106,0
LF:59
LH:0
BRDA:76,0,0,0
BRDA:76,0,1,0
BRDA:85,1,0,0
BRDA:85,1,1,0
BRDA:99,2,0,0
BRDA:99,2,1,0
BRDA:99,3,0,0
BRDA:99,3,1,0
BRF:8
BRH:0
end_of_record
TN:
SF:src/hooks/useChat.ts
FN:11,(anonymous_0)
FN:15,(anonymous_1)
FN:25,(anonymous_2)
FN:29,(anonymous_3)
FN:37,(anonymous_4)
FN:41,(anonymous_5)
FNF:6
FNH:0
FNDA:0,(anonymous_0)
FNDA:0,(anonymous_1)
FNDA:0,(anonymous_2)
FNDA:0,(anonymous_3)
FNDA:0,(anonymous_4)
FNDA:0,(anonymous_5)
DA:11,0
DA:12,0
DA:13,0
DA:15,0
DA:16,0
DA:18,0
DA:25,0
DA:26,0
DA:29,0
DA:30,0
DA:37,0
DA:41,0
DA:42,0
DA:45,0
LF:14
LH:0
BRDA:16,0,0,0
BRDA:16,0,1,0
BRF:2
BRH:0
end_of_record
TN:
SF:src/hooks/useToast.ts
FN:12,(anonymous_0)
FN:19,(anonymous_1)
FN:36,(anonymous_2)
FN:37,(anonymous_3)
FN:40,(anonymous_4)
FN:44,(anonymous_5)
FN:48,(anonymous_6)
FN:52,(anonymous_7)
FNF:8
FNH:0
FNDA:0,(anonymous_0)
FNDA:0,(anonymous_1)
FNDA:0,(anonymous_2)
FNDA:0,(anonymous_3)
FNDA:0,(anonymous_4)
FNDA:0,(anonymous_5)
FNDA:0,(anonymous_6)
FNDA:0,(anonymous_7)
DA:12,0
DA:13,0
DA:19,0
DA:26,0
DA:36,0
DA:37,0
DA:40,0
DA:41,0
DA:44,0
DA:45,0
DA:48,0
DA:49,0
DA:52,0
DA:53,0
DA:56,0
LF:15
LH:0
BRDA:21,0,0,0
BRDA:22,1,0,0
BRF:2
BRH:0
end_of_record
TN:
SF:src/hooks/useViewNavigation.ts
FN:5,(anonymous_0)
FN:8,(anonymous_1)
FN:12,(anonymous_2)
FNF:3
FNH:0
FNDA:0,(anonymous_0)
FNDA:0,(anonymous_1)
FNDA:0,(anonymous_2)
DA:5,0
DA:6,0
DA:8,0
DA:9,0
DA:12,0
DA:13,0
DA:16,0
LF:7
LH:0
BRDA:5,0,0,0
BRF:1
BRH:0
end_of_record
TN:
SF:src/navigation/AppNavigator.tsx
FN:20,(anonymous_0)
FN:32,(anonymous_1)
FN:67,(anonymous_2)
FN:73,(anonymous_3)
FN:77,(anonymous_4)
FN:81,(anonymous_5)
FNF:6
FNH:0
FNDA:0,(anonymous_0)
FNDA:0,(anonymous_1)
FNDA:0,(anonymous_2)
FNDA:0,(anonymous_3)
FNDA:0,(anonymous_4)
FNDA:0,(anonymous_5)
DA:10,0
DA:20,0
DA:27,0
DA:33,0
DA:67,0
DA:73,0
DA:77,0
DA:81,0
LF:8
LH:0
BRDA:64,0,0,0
BRDA:64,0,1,0
BRF:2
BRH:0
end_of_record
TN:
SF:src/navigation/WebAppNavigator.tsx
FN:14,(anonymous_0)
FN:27,(anonymous_1)
FN:35,(anonymous_2)
FN:44,(anonymous_3)
FNF:4
FNH:0
FNDA:0,(anonymous_0)
FNDA:0,(anonymous_1)
FNDA:0,(anonymous_2)
FNDA:0,(anonymous_3)
DA:14,0
DA:19,0
DA:22,0
DA:23,0
DA:24,0
DA:27,0
DA:32,0
DA:35,0
DA:41,0
DA:44,0
DA:45,0
LF:11
LH:0
BRDA:22,0,0,0
BRDA:22,0,1,0
BRDA:23,1,0,0
BRDA:23,1,1,0
BRF:4
BRH:0
end_of_record
TN:
SF:src/navigation/WebNavigator.tsx
FN:19,(anonymous_0)
FN:36,(anonymous_1)
FN:45,(anonymous_2)
FNF:3
FNH:0
FNDA:0,(anonymous_0)
FNDA:0,(anonymous_1)
FNDA:0,(anonymous_2)
DA:19,0
DA:24,0
DA:26,0
DA:36,0
DA:45,0
DA:51,0
LF:6
LH:0
BRDA:29,0,0,0
BRDA:29,0,1,0
BRDA:33,1,0,0
BRDA:33,1,1,0
BRDA:42,2,0,0
BRDA:42,2,1,0
BRF:6
BRH:0
end_of_record
TN:
SF:src/platform/GestureHandler.web.js
FN:15,(anonymous_0)
FN:22,(anonymous_1)
FN:34,(anonymous_2)
FN:35,(anonymous_3)
FN:36,(anonymous_4)
FNF:5
FNH:0
FNDA:0,(anonymous_0)
FNDA:0,(anonymous_1)
FNDA:0,(anonymous_2)
FNDA:0,(anonymous_3)
FNDA:0,(anonymous_4)
DA:5,0
DA:15,0
DA:16,0
DA:22,0
DA:23,0
DA:34,0
LF:6
LH:0
BRF:0
BRH:0
end_of_record
TN:
SF:src/platform/MaskedView.web.js
FN:4,(anonymous_0)
FNF:1
FNH:0
FNDA:0,(anonymous_0)
DA:4,0
DA:5,0
LF:2
LH:0
BRF:0
BRH:0
end_of_record
TN:
SF:src/platform/SafeAreaContext.web.js
FN:19,(anonymous_0)
FN:23,(anonymous_1)
FN:37,(anonymous_2)
FN:44,(anonymous_3)
FNF:4
FNH:0
FNDA:0,(anonymous_0)
FNDA:0,(anonymous_1)
FNDA:0,(anonymous_2)
FNDA:0,(anonymous_3)
DA:4,0
DA:12,0
DA:14,0
DA:19,0
DA:20,0
DA:23,0
DA:24,0
DA:37,0
DA:44,0
LF:9
LH:0
BRDA:47,0,0,0
BRDA:47,0,1,0
BRDA:48,1,0,0
BRDA:48,1,1,0
BRF:4
BRH:0
end_of_record
TN:
SF:src/platform/index.web.js
FN:4,(anonymous_0)
FN:8,(anonymous_1)
FN:23,(anonymous_2)
FN:24,(anonymous_3)
FN:25,(anonymous_4)
FN:29,(anonymous_5)
FN:38,(anonymous_6)
FN:54,(anonymous_7)
FN:59,(anonymous_8)
FN:74,(anonymous_9)
FNF:10
FNH:0
FNDA:0,(anonymous_0)
FNDA:0,(anonymous_1)
FNDA:0,(anonymous_2)
FNDA:0,(anonymous_3)
FNDA:0,(anonymous_4)
FNDA:0,(anonymous_5)
FNDA:0,(anonymous_6)
FNDA:0,(anonymous_7)
FNDA:0,(anonymous_8)
FNDA:0,(anonymous_9)
DA:2,0
DA:4,0
DA:7,0
DA:9,0
DA:10,0
DA:15,0
DA:22,0
DA:28,0
DA:30,0
DA:31,0
DA:32,0
DA:38,0
DA:39,0
DA:40,0
DA:54,0
DA:55,0
DA:56,0
DA:59,0
DA:60,0
DA:61,0
DA:74,0
LF:21
LH:0
BRDA:4,0,0,0
BRDA:4,0,1,0
BRDA:9,1,0,0
BRDA:9,1,1,0
BRDA:30,2,0,0
BRDA:30,2,1,0
BRDA:31,3,0,0
BRDA:31,3,1,0
BRDA:31,4,0,0
BRDA:31,4,1,0
BRDA:31,4,2,0
BRDA:42,5,0,0
BRDA:42,5,1,0
BRDA:43,6,0,0
BRDA:43,6,1,0
BRDA:45,7,0,0
BRDA:45,7,1,0
BRF:17
BRH:0
end_of_record
TN:
SF:src/platform/index.web.tsx
FN:20,(anonymous_0)
FN:21,(anonymous_1)
FN:44,(anonymous_2)
FN:61,(anonymous_3)
FN:71,(anonymous_4)
FN:75,(anonymous_5)
FN:89,(anonymous_6)
FN:97,(anonymous_7)
FNF:8
FNH:0
FNDA:0,(anonymous_0)
FNDA:0,(anonymous_1)
FNDA:0,(anonymous_2)
FNDA:0,(anonymous_3)
FNDA:0,(anonymous_4)
FNDA:0,(anonymous_5)
FNDA:0,(anonymous_6)
FNDA:0,(anonymous_7)
DA:20,0
DA:21,0
DA:23,0
DA:24,0
DA:25,0
DA:29,0
DA:30,0
DA:34,0
DA:35,0
DA:37,0
DA:41,0
DA:44,0
DA:45,0
DA:47,0
DA:60,0
DA:62,0
DA:63,0
DA:64,0
DA:71,0
DA:72,0
DA:75,0
DA:76,0
DA:89,0
DA:97,0
DA:98,0
LF:25
LH:0
BRDA:24,0,0,0
BRDA:24,0,1,0
BRDA:29,1,0,0
BRDA:29,1,1,0
BRDA:34,2,0,0
BRDA:34,2,1,0
BRDA:44,3,0,0
BRDA:44,4,0,0
BRDA:45,5,0,0
BRDA:45,5,1,0
BRDA:62,6,0,0
BRDA:62,6,1,0
BRDA:62,7,0,0
BRDA:62,7,1,0
BRDA:63,8,0,0
BRDA:63,8,1,0
BRDA:63,9,0,0
BRDA:63,9,1,0
BRDA:63,9,2,0
BRF:19
BRH:0
end_of_record
TN:
SF:src/platform/ios.ts
FNF:0
FNH:0
DA:4,0
DA:5,0
DA:8,0
DA:11,0
DA:19,0
DA:26,0
DA:33,0
DA:39,0
DA:47,0
DA:59,0
LF:10
LH:0
BRDA:12,0,0,0
BRDA:12,0,1,0
BRDA:13,1,0,0
BRDA:13,1,1,0
BRDA:20,2,0,0
BRDA:20,2,1,0
BRDA:34,3,0,0
BRDA:34,3,1,0
BRDA:35,4,0,0
BRDA:35,4,1,0
BRF:10
BRH:0
end_of_record
TN:
SF:src/platform/useBackButton.web.js
FN:4,(anonymous_0)
FN:5,(anonymous_1)
FN:6,(anonymous_2)
FN:14,(anonymous_3)
FNF:4
FNH:0
FNDA:0,(anonymous_0)
FNDA:0,(anonymous_1)
FNDA:0,(anonymous_2)
FNDA:0,(anonymous_3)
DA:4,0
DA:5,0
DA:6,0
DA:7,0
DA:8,0
DA:12,0
DA:14,0
DA:15,0
LF:8
LH:0
BRDA:7,0,0,0
BRDA:7,0,1,0
BRF:2
BRH:0
end_of_record
TN:
SF:src/platform/useDocumentTitle.web.js
FN:4,(anonymous_0)
FN:5,(anonymous_1)
FNF:2
FNH:0
FNDA:0,(anonymous_0)
FNDA:0,(anonymous_1)
DA:4,0
DA:5,0
DA:6,0
DA:7,0
LF:4
LH:0
BRDA:6,0,0,0
BRDA:6,0,1,0
BRF:2
BRH:0
end_of_record
TN:
SF:src/platform/useLinking.web.js
FN:4,(anonymous_0)
FN:6,(anonymous_1)
FN:9,(anonymous_2)
FN:16,(anonymous_3)
FN:22,(anonymous_4)
FNF:5
FNH:0
FNDA:0,(anonymous_0)
FNDA:0,(anonymous_1)
FNDA:0,(anonymous_2)
FNDA:0,(anonymous_3)
FNDA:0,(anonymous_4)
DA:4,0
DA:5,0
DA:7,0
DA:11,0
DA:18,0
DA:22,0
DA:23,0
DA:28,0
LF:8
LH:0
BRDA:23,0,0,0
BRDA:23,0,1,0
BRF:2
BRH:0
end_of_record
TN:
SF:src/screens/AnalysisScreen.tsx
FN:30,(anonymous_0)
FN:77,(anonymous_1)
FN:119,(anonymous_2)
FN:137,(anonymous_3)
FN:142,(anonymous_4)
FN:214,(anonymous_5)
FN:227,(anonymous_6)
FN:241,(anonymous_7)
FN:274,(anonymous_8)
FN:308,(anonymous_9)
FN:465,(anonymous_10)
FN:467,(anonymous_11)
FN:468,(anonymous_12)
FN:471,(anonymous_13)
FN:472,(anonymous_14)
FN:475,(anonymous_15)
FN:476,(anonymous_16)
FN:479,(anonymous_17)
FN:480,(anonymous_18)
FN:491,(anonymous_19)
FN:492,(anonymous_20)
FN:507,(anonymous_21)
FN:533,(anonymous_22)
FN:559,(anonymous_23)
FN:568,(anonymous_24)
FN:582,(anonymous_25)
FNF:26
FNH:0
FNDA:0,(anonymous_0)
FNDA:0,(anonymous_1)
FNDA:0,(anonymous_2)
FNDA:0,(anonymous_3)
FNDA:0,(anonymous_4)
FNDA:0,(anonymous_5)
FNDA:0,(anonymous_6)
FNDA:0,(anonymous_7)
FNDA:0,(anonymous_8)
FNDA:0,(anonymous_9)
FNDA:0,(anonymous_10)
FNDA:0,(anonymous_11)
FNDA:0,(anonymous_12)
FNDA:0,(anonymous_13)
FNDA:0,(anonymous_14)
FNDA:0,(anonymous_15)
FNDA:0,(anonymous_16)
FNDA:0,(anonymous_17)
FNDA:0,(anonymous_18)
FNDA:0,(anonymous_19)
FNDA:0,(anonymous_20)
FNDA:0,(anonymous_21)
FNDA:0,(anonymous_22)
FNDA:0,(anonymous_23)
FNDA:0,(anonymous_24)
FNDA:0,(anonymous_25)
DA:23,0
DA:30,0
DA:31,0
DA:32,0
DA:33,0
DA:34,0
DA:37,0
DA:77,0
DA:78,0
DA:80,0
DA:91,0
DA:92,0
DA:95,0
DA:104,0
DA:106,0
DA:119,0
DA:120,0
DA:121,0
DA:133,0
DA:134,0
DA:136,0
DA:138,0
DA:143,0
DA:144,0
DA:145,0
DA:147,0
DA:148,0
DA:150,0
DA:151,0
DA:154,0
DA:165,0
DA:167,0
DA:187,0
DA:214,0
DA:215,0
DA:217,0
DA:219,0
DA:221,0
DA:223,0
DA:227,0
DA:228,0
DA:230,0
DA:232,0
DA:234,0
DA:236,0
DA:241,0
DA:242,0
DA:244,0
DA:245,0
DA:251,0
DA:252,0
DA:259,0
DA:268,0
DA:271,0
DA:272,0
DA:274,0
DA:280,0
DA:308,0
DA:465,0
DA:467,0
DA:468,0
DA:471,0
DA:472,0
DA:475,0
DA:476,0
DA:479,0
DA:480,0
DA:491,0
DA:492,0
DA:508,0
DA:510,0
DA:533,0
DA:559,0
DA:568,0
DA:582,0
DA:594,0
LF:76
LH:0
BRDA:32,0,0,0
BRDA:32,0,1,0
BRDA:38,1,0,0
BRDA:38,1,1,0
BRDA:38,1,2,0
BRDA:39,2,0,0
BRDA:39,2,1,0
BRDA:39,2,2,0
BRDA:40,3,0,0
BRDA:40,3,1,0
BRDA:41,4,0,0
BRDA:41,4,1,0
BRDA:42,5,0,0
BRDA:42,5,1,0
BRDA:42,5,2,0
BRDA:43,6,0,0
BRDA:43,6,1,0
BRDA:43,6,2,0
BRDA:43,6,3,0
BRDA:44,7,0,0
BRDA:44,7,1,0
BRDA:45,8,0,0
BRDA:45,8,1,0
BRDA:47,9,0,0
BRDA:47,9,1,0
BRDA:78,10,0,0
BRDA:78,10,1,0
BRDA:78,11,0,0
BRDA:78,11,1,0
BRDA:106,12,0,0
BRDA:106,12,1,0
BRDA:120,13,0,0
BRDA:120,13,1,0
BRDA:120,14,0,0
BRDA:120,14,1,0
BRDA:138,15,0,0
BRDA:138,15,1,0
BRDA:138,15,2,0
BRDA:147,16,0,0
BRDA:147,16,1,0
BRDA:155,17,0,0
BRDA:155,17,1,0
BRDA:156,18,0,0
BRDA:156,18,1,0
BRDA:157,19,0,0
BRDA:157,19,1,0
BRDA:158,20,0,0
BRDA:158,20,1,0
BRDA:159,21,0,0
BRDA:159,21,1,0
BRDA:160,22,0,0
BRDA:160,22,1,0
BRDA:161,23,0,0
BRDA:161,23,1,0
BRDA:167,24,0,0
BRDA:167,24,1,0
BRDA:171,25,0,0
BRDA:171,25,1,0
BRDA:177,26,0,0
BRDA:177,26,1,0
BRDA:178,27,0,0
BRDA:178,27,1,0
BRDA:215,28,0,0
BRDA:215,28,1,0
BRDA:215,28,2,0
BRDA:215,28,3,0
BRDA:228,29,0,0
BRDA:228,29,1,0
BRDA:228,29,2,0
BRDA:228,29,3,0
BRDA:244,30,0,0
BRDA:244,30,1,0
BRDA:251,31,0,0
BRDA:251,31,1,0
BRDA:251,32,0,0
BRDA:251,32,1,0
BRDA:268,33,0,0
BRDA:268,33,1,0
BRDA:268,34,0,0
BRDA:268,34,1,0
BRDA:271,35,0,0
BRDA:271,35,1,0
BRDA:275,36,0,0
BRDA:275,36,1,0
BRDA:326,37,0,0
BRDA:326,37,1,0
BRDA:347,38,0,0
BRDA:347,38,1,0
BRDA:350,39,0,0
BRDA:350,39,1,0
BRDA:358,40,0,0
BRDA:358,40,1,0
BRDA:371,41,0,0
BRDA:371,41,1,0
BRDA:374,42,0,0
BRDA:374,42,1,0
BRDA:380,43,0,0
BRDA:380,43,1,0
BRDA:380,44,0,0
BRDA:380,44,1,0
BRDA:386,45,0,0
BRDA:386,45,1,0
BRDA:386,46,0,0
BRDA:386,46,1,0
BRDA:388,47,0,0
BRDA:388,47,1,0
BRDA:388,48,0,0
BRDA:388,48,1,0
BRDA:388,49,0,0
BRDA:388,49,1,0
BRDA:402,50,0,0
BRDA:402,50,1,0
BRDA:405,51,0,0
BRDA:405,51,1,0
BRDA:411,52,0,0
BRDA:411,52,1,0
BRDA:411,53,0,0
BRDA:411,53,1,0
BRDA:417,54,0,0
BRDA:417,54,1,0
BRDA:417,55,0,0
BRDA:417,55,1,0
BRDA:419,56,0,0
BRDA:419,56,1,0
BRDA:419,57,0,0
BRDA:419,57,1,0
BRDA:419,58,0,0
BRDA:419,58,1,0
BRDA:433,59,0,0
BRDA:433,59,1,0
BRDA:436,60,0,0
BRDA:436,60,1,0
BRDA:442,61,0,0
BRDA:442,61,1,0
BRDA:442,62,0,0
BRDA:442,62,1,0
BRDA:448,63,0,0
BRDA:448,63,1,0
BRDA:448,64,0,0
BRDA:448,64,1,0
BRDA:450,65,0,0
BRDA:450,65,1,0
BRDA:450,66,0,0
BRDA:450,66,1,0
BRDA:450,67,0,0
BRDA:450,67,1,0
BRDA:468,68,0,0
BRDA:472,69,0,0
BRDA:476,70,0,0
BRDA:480,71,0,0
BRDA:491,72,0,0
BRDA:492,73,0,0
BRDA:607,74,0,0
BRDA:607,74,1,0
BRDA:609,75,0,0
BRDA:609,75,1,0
BRDA:910,76,0,0
BRDA:910,76,1,0
BRF:158
BRH:0
end_of_record
TN:
SF:src/screens/BalanceRegistrationScreen.tsx
FN:31,(anonymous_0)
FN:57,(anonymous_1)
FN:68,(anonymous_2)
FN:78,(anonymous_3)
FN:92,(anonymous_4)
FN:111,(anonymous_5)
FN:152,(anonymous_6)
FN:159,(anonymous_7)
FN:160,(anonymous_8)
FN:165,(anonymous_9)
FN:166,(anonymous_10)
FN:169,(anonymous_11)
FN:185,(anonymous_12)
FN:295,(anonymous_13)
FN:300,(anonymous_14)
FNF:15
FNH:0
FNDA:0,(anonymous_0)
FNDA:0,(anonymous_1)
FNDA:0,(anonymous_2)
FNDA:0,(anonymous_3)
FNDA:0,(anonymous_4)
FNDA:0,(anonymous_5)
FNDA:0,(anonymous_6)
FNDA:0,(anonymous_7)
FNDA:0,(anonymous_8)
FNDA:0,(anonymous_9)
FNDA:0,(anonymous_10)
FNDA:0,(anonymous_11)
FNDA:0,(anonymous_12)
FNDA:0,(anonymous_13)
FNDA:0,(anonymous_14)
DA:24,0
DA:31,0
DA:35,0
DA:36,0
DA:37,0
DA:38,0
DA:39,0
DA:42,0
DA:43,0
DA:46,0
DA:47,0
DA:50,0
DA:51,0
DA:54,0
DA:57,0
DA:58,0
DA:59,0
DA:60,0
DA:61,0
DA:63,0
DA:64,0
DA:68,0
DA:69,0
DA:70,0
DA:71,0
DA:72,0
DA:74,0
DA:75,0
DA:78,0
DA:79,0
DA:81,0
DA:93,0
DA:95,0
DA:111,0
DA:112,0
DA:114,0
DA:116,0
DA:117,0
DA:118,0
DA:125,0
DA:126,0
DA:127,0
DA:131,0
DA:132,0
DA:143,0
DA:152,0
DA:153,0
DA:154,0
DA:155,0
DA:159,0
DA:160,0
DA:161,0
DA:165,0
DA:166,0
DA:169,0
DA:170,0
DA:171,0
DA:174,0
DA:186,0
DA:188,0
DA:204,0
DA:296,0
DA:300,0
DA:352,0
LF:64
LH:0
BRDA:33,0,0,0
BRDA:50,1,0,0
BRDA:50,1,1,0
BRDA:59,2,0,0
BRDA:59,2,1,0
BRDA:59,3,0,0
BRDA:59,3,1,0
BRDA:59,3,2,0
BRDA:70,4,0,0
BRDA:70,4,1,0
BRDA:79,5,0,0
BRDA:79,5,1,0
BRDA:112,6,0,0
BRDA:112,6,1,0
BRDA:117,7,0,0
BRDA:117,7,1,0
BRDA:125,8,0,0
BRDA:125,8,1,0
BRDA:131,9,0,0
BRDA:131,9,1,0
BRDA:153,10,0,0
BRDA:153,10,1,0
BRDA:161,11,0,0
BRDA:161,11,1,0
BRDA:170,12,0,0
BRDA:170,12,1,0
BRDA:212,13,0,0
BRDA:212,13,1,0
BRDA:218,14,0,0
BRDA:218,14,1,0
BRDA:254,15,0,0
BRDA:254,15,1,0
BRDA:277,16,0,0
BRDA:277,16,1,0
BRDA:287,17,0,0
BRDA:287,17,1,0
BRDA:305,18,0,0
BRDA:305,18,1,0
BRDA:326,19,0,0
BRDA:326,19,1,0
BRDA:331,20,0,0
BRDA:331,20,1,0
BRDA:333,21,0,0
BRDA:333,21,1,0
BRDA:341,22,0,0
BRDA:341,22,1,0
BRDA:341,22,2,0
BRF:47
BRH:0
end_of_record
TN:
SF:src/screens/DashboardScreen.tsx
FN:44,(anonymous_0)
FN:110,(anonymous_1)
FN:133,(anonymous_2)
FN:164,(anonymous_3)
FN:165,(anonymous_4)
FN:169,(anonymous_5)
FN:173,(anonymous_6)
FN:258,(anonymous_7)
FN:292,(anonymous_8)
FN:293,(anonymous_9)
FN:374,(anonymous_10)
FNF:11
FNH:0
FNDA:0,(anonymous_0)
FNDA:0,(anonymous_1)
FNDA:0,(anonymous_2)
FNDA:0,(anonymous_3)
FNDA:0,(anonymous_4)
FNDA:0,(anonymous_5)
FNDA:0,(anonymous_6)
FNDA:0,(anonymous_7)
FNDA:0,(anonymous_8)
FNDA:0,(anonymous_9)
FNDA:0,(anonymous_10)
DA:38,0
DA:44,0
DA:45,0
DA:46,0
DA:47,0
DA:48,0
DA:49,0
DA:50,0
DA:51,0
DA:54,0
DA:110,0
DA:111,0
DA:113,0
DA:124,0
DA:125,0
DA:127,0
DA:128,0
DA:129,0
DA:130,0
DA:133,0
DA:134,0
DA:135,0
DA:138,0
DA:140,0
DA:148,0
DA:149,0
DA:158,0
DA:161,0
DA:164,0
DA:165,0
DA:166,0
DA:169,0
DA:173,0
DA:174,0
DA:187,0
DA:191,0
DA:194,0
DA:195,0
DA:205,0
DA:206,0
DA:222,0
DA:223,0
DA:240,0
DA:258,0
DA:292,0
DA:293,0
DA:375,0
DA:444,0
LF:48
LH:0
BRDA:48,0,0,0
BRDA:48,0,1,0
BRDA:54,1,0,0
BRDA:54,1,1,0
BRDA:55,2,0,0
BRDA:55,2,1,0
BRDA:55,2,2,0
BRDA:56,3,0,0
BRDA:56,3,1,0
BRDA:57,4,0,0
BRDA:57,4,1,0
BRDA:57,4,2,0
BRDA:58,5,0,0
BRDA:58,5,1,0
BRDA:59,6,0,0
BRDA:59,6,1,0
BRDA:60,7,0,0
BRDA:60,7,1,0
BRDA:60,7,2,0
BRDA:61,8,0,0
BRDA:61,8,1,0
BRDA:61,8,2,0
BRDA:61,8,3,0
BRDA:62,9,0,0
BRDA:62,9,1,0
BRDA:63,10,0,0
BRDA:63,10,1,0
BRDA:64,11,0,0
BRDA:64,11,1,0
BRDA:111,12,0,0
BRDA:111,12,1,0
BRDA:113,13,0,0
BRDA:113,13,1,0
BRDA:138,14,0,0
BRDA:138,14,1,0
BRDA:148,15,0,0
BRDA:148,15,1,0
BRDA:191,16,0,0
BRDA:191,16,1,0
BRDA:194,17,0,0
BRDA:194,17,1,0
BRDA:205,18,0,0
BRDA:205,18,1,0
BRDA:222,19,0,0
BRDA:222,19,1,0
BRDA:315,20,0,0
BRDA:315,20,1,0
BRDA:315,21,0,0
BRDA:315,21,1,0
BRDA:336,22,0,0
BRDA:336,22,1,0
BRDA:336,22,2,0
BRDA:343,23,0,0
BRDA:343,23,1,0
BRDA:343,23,2,0
BRDA:350,24,0,0
BRDA:350,24,1,0
BRDA:350,24,2,0
BRDA:357,25,0,0
BRDA:357,25,1,0
BRDA:357,25,2,0
BRDA:373,26,0,0
BRDA:373,26,1,0
BRDA:388,27,0,0
BRDA:388,27,1,0
BRDA:392,28,0,0
BRDA:392,28,1,0
BRDA:394,29,0,0
BRDA:394,29,1,0
BRDA:407,30,0,0
BRDA:407,30,1,0
BRDA:409,31,0,0
BRDA:409,31,1,0
BRDA:581,32,0,0
BRDA:581,32,1,0
BRDA:583,33,0,0
BRDA:583,33,1,0
BRDA:1224,34,0,0
BRDA:1224,34,1,0
BRF:79
BRH:0
end_of_record
TN:
SF:src/screens/LoginScreen.tsx
FN:29,(anonymous_0)
FN:41,(anonymous_1)
FN:60,(anonymous_2)
FN:86,(anonymous_3)
FN:164,(anonymous_4)
FN:168,(anonymous_5)
FNF:6
FNH:0
FNDA:0,(anonymous_0)
FNDA:0,(anonymous_1)
FNDA:0,(anonymous_2)
FNDA:0,(anonymous_3)
FNDA:0,(anonymous_4)
FNDA:0,(anonymous_5)
DA:27,0
DA:29,0
DA:30,0
DA:33,0
DA:34,0
DA:35,0
DA:36,0
DA:37,0
DA:38,0
DA:39,0
DA:41,0
DA:42,0
DA:44,0
DA:45,0
DA:46,0
DA:47,0
DA:50,0
DA:51,0
DA:52,0
DA:53,0
DA:56,0
DA:57,0
DA:60,0
DA:61,0
DA:63,0
DA:64,0
DA:65,0
DA:66,0
DA:67,0
DA:70,0
DA:71,0
DA:72,0
DA:74,0
DA:75,0
DA:78,0
DA:79,0
DA:80,0
DA:82,0
DA:86,0
DA:87,0
DA:101,0
DA:165,0
DA:166,0
DA:168,0
DA:182,0
LF:45
LH:0
BRDA:44,0,0,0
BRDA:44,0,1,0
BRDA:46,1,0,0
BRDA:46,1,1,0
BRDA:50,2,0,0
BRDA:50,2,1,0
BRDA:52,3,0,0
BRDA:52,3,1,0
BRDA:61,4,0,0
BRDA:61,4,1,0
BRDA:70,5,0,0
BRDA:70,5,1,0
BRDA:70,6,0,0
BRDA:70,6,1,0
BRDA:79,7,0,0
BRDA:79,7,1,0
BRDA:104,8,0,0
BRDA:104,8,1,0
BRDA:106,9,0,0
BRDA:106,9,1,0
BRDA:165,10,0,0
BRDA:165,10,1,0
BRDA:165,11,0,0
BRDA:165,11,1,0
BRDA:192,12,0,0
BRDA:192,12,1,0
BRF:26
BRH:0
end_of_record
TN:
SF:src/screens/OnboardingScreen.tsx
FN:26,(anonymous_0)
FN:33,(anonymous_1)
FN:34,(anonymous_2)
FN:38,(anonymous_3)
FN:39,(anonymous_4)
FN:43,(anonymous_5)
FN:44,(anonymous_6)
FN:48,(anonymous_7)
FN:82,(anonymous_8)
FN:92,(anonymous_9)
FN:99,(anonymous_10)
FN:126,(anonymous_11)
FN:135,(anonymous_12)
FN:143,(anonymous_13)
FNF:14
FNH:0
FNDA:0,(anonymous_0)
FNDA:0,(anonymous_1)
FNDA:0,(anonymous_2)
FNDA:0,(anonymous_3)
FNDA:0,(anonymous_4)
FNDA:0,(anonymous_5)
FNDA:0,(anonymous_6)
FNDA:0,(anonymous_7)
FNDA:0,(anonymous_8)
FNDA:0,(anonymous_9)
FNDA:0,(anonymous_10)
FNDA:0,(anonymous_11)
FNDA:0,(anonymous_12)
FNDA:0,(anonymous_13)
DA:26,0
DA:27,0
DA:28,0
DA:29,0
DA:30,0
DA:31,0
DA:33,0
DA:34,0
DA:35,0
DA:38,0
DA:39,0
DA:40,0
DA:43,0
DA:44,0
DA:45,0
DA:48,0
DA:49,0
DA:51,0
DA:52,0
DA:54,0
DA:69,0
DA:71,0
DA:73,0
DA:74,0
DA:76,0
DA:77,0
DA:79,0
DA:84,0
DA:85,0
DA:92,0
DA:93,0
DA:99,0
DA:108,0
DA:109,0
DA:110,0
DA:111,0
DA:112,0
DA:113,0
DA:114,0
DA:116,0
DA:120,0
DA:122,0
DA:126,0
DA:127,0
DA:128,0
DA:129,0
DA:130,0
DA:135,0
DA:136,0
DA:143,0
DA:144,0
DA:146,0
DA:154,0
DA:162,0
DA:170,0
DA:179,0
DA:183,0
DA:209,0
LF:58
LH:0
BRDA:76,0,0,0
BRDA:76,0,1,0
BRDA:77,1,0,0
BRDA:77,1,1,0
BRDA:84,2,0,0
BRDA:84,2,1,0
BRDA:109,3,0,0
BRDA:109,3,1,0
BRDA:112,4,0,0
BRDA:112,4,1,0
BRDA:127,5,0,0
BRDA:127,5,1,0
BRDA:129,6,0,0
BRDA:129,6,1,0
BRDA:144,7,0,0
BRDA:144,7,1,0
BRDA:144,7,2,0
BRDA:144,7,3,0
BRDA:144,7,4,0
BRF:19
BRH:0
end_of_record
TN:
SF:src/screens/OnboardingStep1.tsx
FN:25,(anonymous_0)
FN:34,(anonymous_1)
FN:64,(anonymous_2)
FN:75,(anonymous_3)
FNF:4
FNH:0
FNDA:0,(anonymous_0)
FNDA:0,(anonymous_1)
FNDA:0,(anonymous_2)
FNDA:0,(anonymous_3)
DA:17,0
DA:25,0
DA:26,0
DA:27,0
DA:28,0
DA:29,0
DA:30,0
DA:31,0
DA:32,0
DA:34,0
DA:35,0
DA:37,0
DA:38,0
DA:41,0
DA:42,0
DA:45,0
DA:46,0
DA:47,0
DA:48,0
DA:51,0
DA:52,0
DA:54,0
DA:55,0
DA:56,0
DA:60,0
DA:61,0
DA:64,0
DA:65,0
DA:67,0
DA:75,0
DA:76,0
DA:90,0
DA:192,0
LF:33
LH:0
BRDA:26,0,0,0
BRDA:26,0,1,0
BRDA:27,1,0,0
BRDA:27,1,1,0
BRDA:28,2,0,0
BRDA:28,2,1,0
BRDA:29,3,0,0
BRDA:29,3,1,0
BRDA:37,4,0,0
BRDA:37,4,1,0
BRDA:41,5,0,0
BRDA:41,5,1,0
BRDA:45,6,0,0
BRDA:45,6,1,0
BRDA:47,7,0,0
BRDA:47,7,1,0
BRDA:51,8,0,0
BRDA:51,8,1,0
BRDA:55,9,0,0
BRDA:55,9,1,0
BRDA:55,10,0,0
BRDA:55,10,1,0
BRDA:55,10,2,0
BRDA:65,11,0,0
BRDA:65,11,1,0
BRDA:93,12,0,0
BRDA:93,12,1,0
BRDA:95,13,0,0
BRDA:95,13,1,0
BRDA:170,14,0,0
BRDA:170,14,1,0
BRDA:202,15,0,0
BRDA:202,15,1,0
BRF:33
BRH:0
end_of_record
TN:
SF:src/screens/OnboardingStep2.tsx
FN:26,(anonymous_0)
FN:47,(anonymous_1)
FN:107,(anonymous_2)
FN:120,(anonymous_3)
FN:127,(anonymous_4)
FN:236,(anonymous_5)
FN:268,(anonymous_6)
FN:300,(anonymous_7)
FN:332,(anonymous_8)
FNF:9
FNH:0
FNDA:0,(anonymous_0)
FNDA:0,(anonymous_1)
FNDA:0,(anonymous_2)
FNDA:0,(anonymous_3)
FNDA:0,(anonymous_4)
FNDA:0,(anonymous_5)
FNDA:0,(anonymous_6)
FNDA:0,(anonymous_7)
FNDA:0,(anonymous_8)
DA:18,0
DA:26,0
DA:27,0
DA:28,0
DA:29,0
DA:30,0
DA:31,0
DA:32,0
DA:34,0
DA:44,0
DA:45,0
DA:47,0
DA:56,0
DA:59,0
DA:60,0
DA:62,0
DA:63,0
DA:64,0
DA:69,0
DA:70,0
DA:71,0
DA:72,0
DA:74,0
DA:75,0
DA:77,0
DA:78,0
DA:80,0
DA:81,0
DA:83,0
DA:84,0
DA:88,0
DA:89,0
DA:90,0
DA:94,0
DA:95,0
DA:97,0
DA:98,0
DA:99,0
DA:103,0
DA:104,0
DA:107,0
DA:108,0
DA:110,0
DA:120,0
DA:121,0
DA:122,0
DA:123,0
DA:124,0
DA:127,0
DA:128,0
DA:142,0
DA:236,0
DA:268,0
DA:300,0
DA:332,0
DA:397,0
LF:56
LH:0
BRDA:27,0,0,0
BRDA:27,0,1,0
BRDA:28,1,0,0
BRDA:28,1,1,0
BRDA:29,2,0,0
BRDA:29,2,1,0
BRDA:30,3,0,0
BRDA:30,3,1,0
BRDA:31,4,0,0
BRDA:31,4,1,0
BRDA:32,5,0,0
BRDA:32,5,1,0
BRDA:59,6,0,0
BRDA:59,6,1,0
BRDA:63,7,0,0
BRDA:63,7,1,0
BRDA:63,8,0,0
BRDA:63,8,1,0
BRDA:74,9,0,0
BRDA:74,9,1,0
BRDA:74,10,0,0
BRDA:74,10,1,0
BRDA:74,10,2,0
BRDA:77,11,0,0
BRDA:77,11,1,0
BRDA:77,12,0,0
BRDA:77,12,1,0
BRDA:77,12,2,0
BRDA:80,13,0,0
BRDA:80,13,1,0
BRDA:80,14,0,0
BRDA:80,14,1,0
BRDA:80,14,2,0
BRDA:83,15,0,0
BRDA:83,15,1,0
BRDA:83,16,0,0
BRDA:83,16,1,0
BRDA:83,16,2,0
BRDA:89,17,0,0
BRDA:89,17,1,0
BRDA:94,18,0,0
BRDA:94,18,1,0
BRDA:98,19,0,0
BRDA:98,19,1,0
BRDA:98,20,0,0
BRDA:98,20,1,0
BRDA:108,21,0,0
BRDA:108,21,1,0
BRDA:145,22,0,0
BRDA:145,22,1,0
BRDA:147,23,0,0
BRDA:147,23,1,0
BRDA:227,24,0,0
BRDA:227,24,1,0
BRDA:259,25,0,0
BRDA:259,25,1,0
BRDA:291,26,0,0
BRDA:291,26,1,0
BRDA:323,27,0,0
BRDA:323,27,1,0
BRDA:351,28,0,0
BRDA:351,28,1,0
BRDA:368,29,0,0
BRDA:368,29,1,0
BRDA:375,30,0,0
BRDA:375,30,1,0
BRDA:407,31,0,0
BRDA:407,31,1,0
BRF:68
BRH:0
end_of_record
TN:
SF:src/screens/OnboardingStep3.tsx
FN:27,(anonymous_0)
FN:33,(anonymous_1)
FN:44,(anonymous_2)
FN:52,(anonymous_3)
FN:53,(anonymous_4)
FN:55,(anonymous_5)
FN:60,(anonymous_6)
FN:62,(anonymous_7)
FN:127,(anonymous_8)
FN:140,(anonymous_9)
FN:147,(anonymous_10)
FNF:11
FNH:0
FNDA:0,(anonymous_0)
FNDA:0,(anonymous_1)
FNDA:0,(anonymous_2)
FNDA:0,(anonymous_3)
FNDA:0,(anonymous_4)
FNDA:0,(anonymous_5)
FNDA:0,(anonymous_6)
FNDA:0,(anonymous_7)
FNDA:0,(anonymous_8)
FNDA:0,(anonymous_9)
FNDA:0,(anonymous_10)
DA:19,0
DA:27,0
DA:28,0
DA:29,0
DA:30,0
DA:31,0
DA:33,0
DA:34,0
DA:36,0
DA:37,0
DA:40,0
DA:41,0
DA:44,0
DA:45,0
DA:47,0
DA:52,0
DA:53,0
DA:54,0
DA:55,0
DA:60,0
DA:62,0
DA:63,0
DA:77,0
DA:128,0
DA:129,0
DA:136,0
DA:141,0
DA:147,0
DA:192,0
LF:29
LH:0
BRDA:28,0,0,0
BRDA:28,0,1,0
BRDA:36,1,0,0
BRDA:36,1,1,0
BRDA:45,2,0,0
BRDA:45,2,1,0
BRDA:54,3,0,0
BRDA:54,3,1,0
BRDA:80,4,0,0
BRDA:80,4,1,0
BRDA:82,5,0,0
BRDA:82,5,1,0
BRDA:145,6,0,0
BRDA:145,6,1,0
BRDA:152,7,0,0
BRDA:152,7,1,0
BRDA:163,8,0,0
BRDA:163,8,1,0
BRDA:170,9,0,0
BRDA:170,9,1,0
BRDA:202,10,0,0
BRDA:202,10,1,0
BRF:22
BRH:0
end_of_record
TN:
SF:src/screens/OnboardingStep4.tsx
FN:26,(anonymous_0)
FN:33,(anonymous_1)
FN:52,(anonymous_2)
FN:60,(anonymous_3)
FNF:4
FNH:0
FNDA:0,(anonymous_0)
FNDA:0,(anonymous_1)
FNDA:0,(anonymous_2)
FNDA:0,(anonymous_3)
DA:18,0
DA:26,0
DA:27,0
DA:28,0
DA:29,0
DA:30,0
DA:31,0
DA:33,0
DA:34,0
DA:36,0
DA:37,0
DA:38,0
DA:39,0
DA:42,0
DA:43,0
DA:44,0
DA:45,0
DA:48,0
DA:49,0
DA:52,0
DA:53,0
DA:55,0
DA:60,0
DA:61,0
DA:75,0
DA:184,0
LF:26
LH:0
BRDA:27,0,0,0
BRDA:27,0,1,0
BRDA:36,1,0,0
BRDA:36,1,1,0
BRDA:38,2,0,0
BRDA:38,2,1,0
BRDA:42,3,0,0
BRDA:42,3,1,0
BRDA:44,4,0,0
BRDA:44,4,1,0
BRDA:53,5,0,0
BRDA:53,5,1,0
BRDA:78,6,0,0
BRDA:78,6,1,0
BRDA:80,7,0,0
BRDA:80,7,1,0
BRDA:162,8,0,0
BRDA:162,8,1,0
BRDA:194,9,0,0
BRDA:194,9,1,0
BRF:20
BRH:0
end_of_record
TN:
SF:src/screens/RegistrationScreen.tsx
FN:25,(anonymous_0)
FN:33,(anonymous_1)
FN:34,(anonymous_2)
FN:37,(anonymous_3)
FN:140,(anonymous_4)
FN:144,(anonymous_5)
FNF:6
FNH:0
FNDA:0,(anonymous_0)
FNDA:0,(anonymous_1)
FNDA:0,(anonymous_2)
FNDA:0,(anonymous_3)
FNDA:0,(anonymous_4)
FNDA:0,(anonymous_5)
DA:25,0
DA:29,0
DA:30,0
DA:31,0
DA:33,0
DA:34,0
DA:37,0
DA:38,0
DA:52,0
DA:141,0
DA:142,0
DA:144,0
DA:158,0
LF:13
LH:0
BRDA:34,0,0,0
BRDA:34,0,1,0
BRDA:55,1,0,0
BRDA:55,1,1,0
BRDA:57,2,0,0
BRDA:57,2,1,0
BRDA:141,3,0,0
BRDA:141,3,1,0
BRDA:141,4,0,0
BRDA:141,4,1,0
BRDA:168,5,0,0
BRDA:168,5,1,0
BRF:12
BRH:0
end_of_record
TN:
SF:src/screens/web/WebAnalysisScreen.tsx
FN:12,(anonymous_0)
FN:26,(anonymous_1)
FN:37,(anonymous_2)
FN:57,(anonymous_3)
FN:96,(anonymous_4)
FN:125,(anonymous_5)
FN:153,(anonymous_6)
FN:171,(anonymous_7)
FN:176,(anonymous_8)
FN:246,(anonymous_9)
FN:257,(anonymous_10)
FN:298,(anonymous_11)
FN:344,(anonymous_12)
FN:346,(anonymous_13)
FN:350,(anonymous_14)
FN:382,(anonymous_15)
FN:384,(anonymous_16)
FN:388,(anonymous_17)
FN:421,(anonymous_18)
FN:423,(anonymous_19)
FN:427,(anonymous_20)
FN:457,(anonymous_21)
FN:459,(anonymous_22)
FN:465,(anonymous_23)
FN:509,(anonymous_24)
FN:525,(anonymous_25)
FN:552,(anonymous_26)
FN:563,(anonymous_27)
FN:577,(anonymous_28)
FN:578,(anonymous_29)
FNF:30
FNH:0
FNDA:0,(anonymous_0)
FNDA:0,(anonymous_1)
FNDA:0,(anonymous_2)
FNDA:0,(anonymous_3)
FNDA:0,(anonymous_4)
FNDA:0,(anonymous_5)
FNDA:0,(anonymous_6)
FNDA:0,(anonymous_7)
FNDA:0,(anonymous_8)
FNDA:0,(anonymous_9)
FNDA:0,(anonymous_10)
FNDA:0,(anonymous_11)
FNDA:0,(anonymous_12)
FNDA:0,(anonymous_13)
FNDA:0,(anonymous_14)
FNDA:0,(anonymous_15)
FNDA:0,(anonymous_16)
FNDA:0,(anonymous_17)
FNDA:0,(anonymous_18)
FNDA:0,(anonymous_19)
FNDA:0,(anonymous_20)
FNDA:0,(anonymous_21)
FNDA:0,(anonymous_22)
FNDA:0,(anonymous_23)
FNDA:0,(anonymous_24)
FNDA:0,(anonymous_25)
FNDA:0,(anonymous_26)
FNDA:0,(anonymous_27)
FNDA:0,(anonymous_28)
FNDA:0,(anonymous_29)
DA:12,0
DA:13,0
DA:14,0
DA:15,0
DA:16,0
DA:19,0
DA:20,0
DA:26,0
DA:27,0
DA:28,0
DA:37,0
DA:38,0
DA:39,0
DA:42,0
DA:43,0
DA:52,0
DA:53,0
DA:54,0
DA:55,0
DA:57,0
DA:58,0
DA:59,0
DA:61,0
DA:63,0
DA:64,0
DA:66,0
DA:67,0
DA:69,0
DA:70,0
DA:72,0
DA:78,0
DA:79,0
DA:82,0
DA:83,0
DA:84,0
DA:85,0
DA:87,0
DA:96,0
DA:97,0
DA:98,0
DA:101,0
DA:102,0
DA:103,0
DA:106,0
DA:109,0
DA:114,0
DA:124,0
DA:125,0
DA:135,0
DA:138,0
DA:140,0
DA:153,0
DA:154,0
DA:155,0
DA:167,0
DA:168,0
DA:170,0
DA:172,0
DA:177,0
DA:178,0
DA:179,0
DA:181,0
DA:182,0
DA:184,0
DA:185,0
DA:188,0
DA:199,0
DA:202,0
DA:222,0
DA:246,0
DA:247,0
DA:249,0
DA:251,0
DA:253,0
DA:257,0
DA:258,0
DA:260,0
DA:262,0
DA:264,0
DA:266,0
DA:270,0
DA:298,0
DA:344,0
DA:346,0
DA:350,0
DA:382,0
DA:384,0
DA:388,0
DA:421,0
DA:423,0
DA:427,0
DA:457,0
DA:460,0
DA:463,0
DA:465,0
DA:510,0
DA:525,0
DA:552,0
DA:563,0
DA:577,0
DA:580,0
LF:101
LH:0
BRDA:19,0,0,0
BRDA:19,0,1,0
BRDA:27,1,0,0
BRDA:27,1,1,0
BRDA:27,2,0,0
BRDA:27,2,1,0
BRDA:39,3,0,0
BRDA:39,3,1,0
BRDA:42,4,0,0
BRDA:42,4,1,0
BRDA:58,5,0,0
BRDA:58,5,1,0
BRDA:61,6,0,0
BRDA:61,6,1,0
BRDA:61,6,2,0
BRDA:61,6,3,0
BRDA:82,7,0,0
BRDA:82,7,1,0
BRDA:83,8,0,0
BRDA:83,8,1,0
BRDA:84,9,0,0
BRDA:84,9,1,0
BRDA:85,10,0,0
BRDA:85,10,1,0
BRDA:109,11,0,0
BRDA:109,11,1,0
BRDA:109,11,2,0
BRDA:109,11,3,0
BRDA:116,12,0,0
BRDA:116,12,1,0
BRDA:117,13,0,0
BRDA:117,13,1,0
BRDA:118,14,0,0
BRDA:118,14,1,0
BRDA:119,15,0,0
BRDA:119,15,1,0
BRDA:124,16,0,0
BRDA:124,16,1,0
BRDA:124,17,0,0
BRDA:124,17,1,0
BRDA:140,18,0,0
BRDA:140,18,1,0
BRDA:154,19,0,0
BRDA:154,19,1,0
BRDA:154,20,0,0
BRDA:154,20,1,0
BRDA:172,21,0,0
BRDA:172,21,1,0
BRDA:172,21,2,0
BRDA:181,22,0,0
BRDA:181,22,1,0
BRDA:189,23,0,0
BRDA:189,23,1,0
BRDA:190,24,0,0
BRDA:190,24,1,0
BRDA:191,25,0,0
BRDA:191,25,1,0
BRDA:192,26,0,0
BRDA:192,26,1,0
BRDA:193,27,0,0
BRDA:193,27,1,0
BRDA:194,28,0,0
BRDA:194,28,1,0
BRDA:195,29,0,0
BRDA:195,29,1,0
BRDA:202,30,0,0
BRDA:202,30,1,0
BRDA:206,31,0,0
BRDA:206,31,1,0
BRDA:212,32,0,0
BRDA:212,32,1,0
BRDA:213,33,0,0
BRDA:213,33,1,0
BRDA:247,34,0,0
BRDA:247,34,1,0
BRDA:247,34,2,0
BRDA:258,35,0,0
BRDA:258,35,1,0
BRDA:258,35,2,0
BRDA:258,35,3,0
BRDA:347,36,0,0
BRDA:347,36,1,0
BRDA:347,37,0,0
BRDA:347,37,1,0
BRDA:385,38,0,0
BRDA:385,38,1,0
BRDA:385,39,0,0
BRDA:385,39,1,0
BRDA:424,40,0,0
BRDA:424,40,1,0
BRDA:424,41,0,0
BRDA:424,41,1,0
BRDA:460,42,0,0
BRDA:460,42,1,0
BRDA:461,43,0,0
BRDA:461,43,1,0
BRDA:462,44,0,0
BRDA:462,44,1,0
BRDA:511,45,0,0
BRDA:511,45,1,0
BRDA:512,46,0,0
BRDA:512,46,1,0
BRDA:517,47,0,0
BRDA:517,47,1,0
BRDA:518,48,0,0
BRDA:518,48,1,0
BRDA:538,49,0,0
BRDA:538,49,1,0
BRDA:545,50,0,0
BRDA:545,50,1,0
BRDA:546,51,0,0
BRDA:546,51,1,0
BRF:112
BRH:0
end_of_record
TN:
SF:src/screens/web/WebBalanceRegistrationScreen.tsx
FN:16,(anonymous_0)
FN:45,(anonymous_1)
FN:55,(anonymous_2)
FN:65,(anonymous_3)
FN:75,(anonymous_4)
FN:87,(anonymous_5)
FN:117,(anonymous_6)
FN:128,(anonymous_7)
FN:129,(anonymous_8)
FN:134,(anonymous_9)
FN:135,(anonymous_10)
FN:180,(anonymous_11)
FN:240,(anonymous_12)
FN:245,(anonymous_13)
FN:260,(anonymous_14)
FN:272,(anonymous_15)
FN:277,(anonymous_16)
FN:318,(anonymous_17)
FNF:18
FNH:0
FNDA:0,(anonymous_0)
FNDA:0,(anonymous_1)
FNDA:0,(anonymous_2)
FNDA:0,(anonymous_3)
FNDA:0,(anonymous_4)
FNDA:0,(anonymous_5)
FNDA:0,(anonymous_6)
FNDA:0,(anonymous_7)
FNDA:0,(anonymous_8)
FNDA:0,(anonymous_9)
FNDA:0,(anonymous_10)
FNDA:0,(anonymous_11)
FNDA:0,(anonymous_12)
FNDA:0,(anonymous_13)
FNDA:0,(anonymous_14)
FNDA:0,(anonymous_15)
FNDA:0,(anonymous_16)
FNDA:0,(anonymous_17)
DA:16,0
DA:22,0
DA:23,0
DA:24,0
DA:25,0
DA:26,0
DA:27,0
DA:28,0
DA:29,0
DA:30,0
DA:33,0
DA:34,0
DA:37,0
DA:45,0
DA:46,0
DA:47,0
DA:48,0
DA:49,0
DA:50,0
DA:51,0
DA:55,0
DA:56,0
DA:57,0
DA:58,0
DA:59,0
DA:61,0
DA:62,0
DA:65,0
DA:66,0
DA:67,0
DA:68,0
DA:69,0
DA:71,0
DA:72,0
DA:75,0
DA:76,0
DA:77,0
DA:78,0
DA:80,0
DA:81,0
DA:82,0
DA:87,0
DA:88,0
DA:89,0
DA:91,0
DA:92,0
DA:93,0
DA:100,0
DA:101,0
DA:105,0
DA:106,0
DA:108,0
DA:110,0
DA:111,0
DA:113,0
DA:117,0
DA:118,0
DA:125,0
DA:128,0
DA:129,0
DA:130,0
DA:134,0
DA:135,0
DA:138,0
DA:140,0
DA:180,0
DA:241,0
DA:245,0
DA:260,0
DA:273,0
DA:278,0
DA:318,0
LF:72
LH:0
BRDA:20,0,0,0
BRDA:33,1,0,0
BRDA:33,1,1,0
BRDA:46,2,0,0
BRDA:46,2,1,0
BRDA:57,3,0,0
BRDA:57,3,1,0
BRDA:57,4,0,0
BRDA:57,4,1,0
BRDA:57,4,2,0
BRDA:67,5,0,0
BRDA:67,5,1,0
BRDA:76,6,0,0
BRDA:76,6,1,0
BRDA:77,7,0,0
BRDA:77,7,1,0
BRDA:80,8,0,0
BRDA:80,8,1,0
BRDA:81,9,0,0
BRDA:81,9,1,0
BRDA:92,10,0,0
BRDA:92,10,1,0
BRDA:96,11,0,0
BRDA:96,11,1,0
BRDA:96,12,0,0
BRDA:96,12,1,0
BRDA:100,13,0,0
BRDA:100,13,1,0
BRDA:105,14,0,0
BRDA:105,14,1,0
BRDA:130,15,0,0
BRDA:130,15,1,0
BRDA:138,16,0,0
BRDA:138,16,1,0
BRDA:148,17,0,0
BRDA:148,17,1,0
BRDA:160,18,0,0
BRDA:160,18,1,0
BRDA:183,19,0,0
BRDA:183,19,1,0
BRDA:187,20,0,0
BRDA:187,20,1,0
BRDA:202,21,0,0
BRDA:202,21,1,0
BRDA:203,22,0,0
BRDA:203,22,1,0
BRDA:233,23,0,0
BRDA:233,23,1,0
BRDA:259,24,0,0
BRDA:259,24,1,0
BRDA:260,25,0,0
BRDA:260,25,1,0
BRDA:290,26,0,0
BRDA:290,26,1,0
BRDA:318,27,0,0
BRDA:318,27,1,0
BRDA:321,28,0,0
BRDA:321,28,1,0
BRDA:328,29,0,0
BRDA:328,29,1,0
BRDA:333,30,0,0
BRDA:333,30,1,0
BRF:62
BRH:0
end_of_record
TN:
SF:src/screens/web/WebDashboardScreen.tsx
FN:10,(anonymous_0)
FN:32,(anonymous_1)
FN:33,(anonymous_2)
FN:35,(anonymous_3)
FN:43,(anonymous_4)
FN:66,(anonymous_5)
FN:104,(anonymous_6)
FN:116,(anonymous_7)
FN:131,(anonymous_8)
FN:136,(anonymous_9)
FN:145,(anonymous_10)
FN:149,(anonymous_11)
FN:164,(anonymous_12)
FN:169,(anonymous_13)
FN:185,(anonymous_14)
FN:212,(anonymous_15)
FN:250,(anonymous_16)
FN:251,(anonymous_17)
FN:469,(anonymous_18)
FNF:19
FNH:0
FNDA:0,(anonymous_0)
FNDA:0,(anonymous_1)
FNDA:0,(anonymous_2)
FNDA:0,(anonymous_3)
FNDA:0,(anonymous_4)
FNDA:0,(anonymous_5)
FNDA:0,(anonymous_6)
FNDA:0,(anonymous_7)
FNDA:0,(anonymous_8)
FNDA:0,(anonymous_9)
FNDA:0,(anonymous_10)
FNDA:0,(anonymous_11)
FNDA:0,(anonymous_12)
FNDA:0,(anonymous_13)
FNDA:0,(anonymous_14)
FNDA:0,(anonymous_15)
FNDA:0,(anonymous_16)
FNDA:0,(anonymous_17)
FNDA:0,(anonymous_18)
DA:10,0
DA:11,0
DA:12,0
DA:13,0
DA:16,0
DA:17,0
DA:19,0
DA:20,0
DA:21,0
DA:22,0
DA:30,0
DA:32,0
DA:33,0
DA:34,0
DA:35,0
DA:41,0
DA:43,0
DA:44,0
DA:45,0
DA:57,0
DA:58,0
DA:60,0
DA:61,0
DA:62,0
DA:63,0
DA:66,0
DA:67,0
DA:68,0
DA:71,0
DA:73,0
DA:74,0
DA:80,0
DA:87,0
DA:90,0
DA:93,0
DA:103,0
DA:104,0
DA:115,0
DA:116,0
DA:125,0
DA:131,0
DA:132,0
DA:133,0
DA:136,0
DA:137,0
DA:138,0
DA:145,0
DA:146,0
DA:149,0
DA:150,0
DA:157,0
DA:164,0
DA:169,0
DA:170,0
DA:171,0
DA:172,0
DA:175,0
DA:177,0
DA:178,0
DA:185,0
DA:213,0
DA:250,0
DA:251,0
DA:271,0
DA:470,0
LF:65
LH:0
BRDA:16,0,0,0
BRDA:16,0,1,0
BRDA:44,1,0,0
BRDA:44,1,1,0
BRDA:71,2,0,0
BRDA:71,2,1,0
BRDA:93,3,0,0
BRDA:93,3,1,0
BRDA:103,4,0,0
BRDA:103,4,1,0
BRDA:115,5,0,0
BRDA:115,5,1,0
BRDA:119,6,0,0
BRDA:119,6,1,0
BRDA:137,7,0,0
BRDA:137,7,1,0
BRDA:170,8,0,0
BRDA:170,8,1,0
BRDA:171,9,0,0
BRDA:171,9,1,0
BRDA:175,10,0,0
BRDA:175,10,1,0
BRDA:177,11,0,0
BRDA:177,11,1,0
BRDA:215,12,0,0
BRDA:215,12,1,0
BRDA:218,13,0,0
BRDA:218,13,1,0
BRDA:227,14,0,0
BRDA:227,14,1,0
BRDA:234,15,0,0
BRDA:234,15,1,0
BRDA:251,16,0,0
BRDA:251,16,1,0
BRDA:477,17,0,0
BRDA:477,17,1,0
BRDA:480,18,0,0
BRDA:480,18,1,0
BRDA:490,19,0,0
BRDA:490,19,1,0
BRDA:492,20,0,0
BRDA:492,20,1,0
BRF:42
BRH:0
end_of_record
TN:
SF:src/screens/web/WebLoginScreen.tsx
FN:13,(anonymous_0)
FN:21,(anonymous_1)
FN:40,(anonymous_2)
FN:103,(anonymous_3)
FN:119,(anonymous_4)
FN:122,(anonymous_5)
FN:151,(anonymous_6)
FN:154,(anonymous_7)
FN:165,(anonymous_8)
FNF:9
FNH:0
FNDA:0,(anonymous_0)
FNDA:0,(anonymous_1)
FNDA:0,(anonymous_2)
FNDA:0,(anonymous_3)
FNDA:0,(anonymous_4)
FNDA:0,(anonymous_5)
FNDA:0,(anonymous_6)
FNDA:0,(anonymous_7)
FNDA:0,(anonymous_8)
DA:13,0
DA:14,0
DA:15,0
DA:16,0
DA:17,0
DA:18,0
DA:19,0
DA:21,0
DA:22,0
DA:24,0
DA:25,0
DA:26,0
DA:27,0
DA:30,0
DA:31,0
DA:32,0
DA:33,0
DA:36,0
DA:37,0
DA:40,0
DA:41,0
DA:43,0
DA:44,0
DA:46,0
DA:47,0
DA:49,0
DA:55,0
DA:56,0
DA:58,0
DA:59,0
DA:60,0
DA:61,0
DA:62,0
DA:63,0
DA:66,0
DA:67,0
DA:68,0
DA:69,0
DA:71,0
DA:74,0
DA:78,0
DA:103,0
DA:120,0
DA:121,0
DA:122,0
DA:152,0
DA:153,0
DA:154,0
DA:165,0
LF:49
LH:0
BRDA:24,0,0,0
BRDA:24,0,1,0
BRDA:26,1,0,0
BRDA:26,1,1,0
BRDA:30,2,0,0
BRDA:30,2,1,0
BRDA:32,3,0,0
BRDA:32,3,1,0
BRDA:41,4,0,0
BRDA:41,4,1,0
BRDA:51,5,0,0
BRDA:51,5,1,0
BRDA:52,6,0,0
BRDA:52,6,1,0
BRDA:52,6,2,0
BRDA:58,7,0,0
BRDA:58,7,1,0
BRDA:60,8,0,0
BRDA:60,8,1,0
BRDA:62,9,0,0
BRDA:62,9,1,0
BRDA:66,10,0,0
BRDA:66,10,1,0
BRDA:68,11,0,0
BRDA:68,11,1,0
BRDA:121,12,0,0
BRDA:121,12,1,0
BRDA:121,13,0,0
BRDA:121,13,1,0
BRDA:126,14,0,0
BRDA:126,14,1,0
BRDA:131,15,0,0
BRDA:131,15,1,0
BRDA:147,16,0,0
BRDA:147,16,1,0
BRDA:153,17,0,0
BRDA:153,17,1,0
BRDA:153,18,0,0
BRDA:153,18,1,0
BRDA:158,19,0,0
BRDA:158,19,1,0
BRDA:167,20,0,0
BRDA:167,20,1,0
BRDA:174,21,0,0
BRDA:174,21,1,0
BRDA:179,22,0,0
BRDA:179,22,1,0
BRDA:191,23,0,0
BRDA:191,23,1,0
BRF:49
BRH:0
end_of_record
TN:
SF:src/screens/web/WebOnboardingScreen.tsx
FN:14,(anonymous_0)
FN:19,(anonymous_1)
FN:20,(anonymous_2)
FN:24,(anonymous_3)
FN:25,(anonymous_4)
FN:29,(anonymous_5)
FN:30,(anonymous_6)
FN:34,(anonymous_7)
FN:97,(anonymous_8)
FN:105,(anonymous_9)
FNF:10
FNH:0
FNDA:0,(anonymous_0)
FNDA:0,(anonymous_1)
FNDA:0,(anonymous_2)
FNDA:0,(anonymous_3)
FNDA:0,(anonymous_4)
FNDA:0,(anonymous_5)
FNDA:0,(anonymous_6)
FNDA:0,(anonymous_7)
FNDA:0,(anonymous_8)
FNDA:0,(anonymous_9)
DA:14,0
DA:15,0
DA:16,0
DA:17,0
DA:19,0
DA:20,0
DA:21,0
DA:24,0
DA:25,0
DA:26,0
DA:29,0
DA:30,0
DA:31,0
DA:34,0
DA:35,0
DA:37,0
DA:38,0
DA:40,0
DA:55,0
DA:57,0
DA:59,0
DA:60,0
DA:62,0
DA:63,0
DA:64,0
DA:65,0
DA:68,0
DA:70,0
DA:72,0
DA:73,0
DA:77,0
DA:79,0
DA:80,0
DA:81,0
DA:82,0
DA:83,0
DA:84,0
DA:85,0
DA:87,0
DA:91,0
DA:93,0
DA:97,0
DA:98,0
DA:99,0
DA:100,0
DA:101,0
DA:105,0
DA:106,0
DA:108,0
DA:116,0
DA:124,0
DA:133,0
DA:142,0
DA:146,0
LF:54
LH:0
BRDA:62,0,0,0
BRDA:62,0,1,0
BRDA:63,1,0,0
BRDA:63,1,1,0
BRDA:70,2,0,0
BRDA:70,2,1,0
BRDA:72,3,0,0
BRDA:72,3,1,0
BRDA:80,4,0,0
BRDA:80,4,1,0
BRDA:83,5,0,0
BRDA:83,5,1,0
BRDA:98,6,0,0
BRDA:98,6,1,0
BRDA:100,7,0,0
BRDA:100,7,1,0
BRDA:106,8,0,0
BRDA:106,8,1,0
BRDA:106,8,2,0
BRDA:106,8,3,0
BRDA:106,8,4,0
BRF:21
BRH:0
end_of_record
TN:
SF:src/screens/web/WebOnboardingStep1.tsx
FN:11,(anonymous_0)
FN:18,(anonymous_1)
FN:48,(anonymous_2)
FN:84,(anonymous_3)
FN:105,(anonymous_4)
FN:126,(anonymous_5)
FN:146,(anonymous_6)
FNF:7
FNH:0
FNDA:0,(anonymous_0)
FNDA:0,(anonymous_1)
FNDA:0,(anonymous_2)
FNDA:0,(anonymous_3)
FNDA:0,(anonymous_4)
FNDA:0,(anonymous_5)
FNDA:0,(anonymous_6)
DA:11,0
DA:12,0
DA:13,0
DA:14,0
DA:15,0
DA:16,0
DA:18,0
DA:19,0
DA:21,0
DA:22,0
DA:25,0
DA:26,0
DA:29,0
DA:30,0
DA:31,0
DA:32,0
DA:35,0
DA:36,0
DA:38,0
DA:39,0
DA:40,0
DA:44,0
DA:45,0
DA:48,0
DA:49,0
DA:51,0
DA:59,0
DA:84,0
DA:105,0
DA:126,0
DA:146,0
LF:31
LH:0
BRDA:12,0,0,0
BRDA:12,0,1,0
BRDA:13,1,0,0
BRDA:13,1,1,0
BRDA:14,2,0,0
BRDA:14,2,1,0
BRDA:15,3,0,0
BRDA:15,3,1,0
BRDA:21,4,0,0
BRDA:21,4,1,0
BRDA:25,5,0,0
BRDA:25,5,1,0
BRDA:29,6,0,0
BRDA:29,6,1,0
BRDA:31,7,0,0
BRDA:31,7,1,0
BRDA:35,8,0,0
BRDA:35,8,1,0
BRDA:39,9,0,0
BRDA:39,9,1,0
BRDA:39,10,0,0
BRDA:39,10,1,0
BRDA:39,10,2,0
BRDA:49,11,0,0
BRDA:49,11,1,0
BRDA:86,12,0,0
BRDA:86,12,1,0
BRDA:92,13,0,0
BRDA:92,13,1,0
BRDA:107,14,0,0
BRDA:107,14,1,0
BRDA:113,15,0,0
BRDA:113,15,1,0
BRDA:128,16,0,0
BRDA:128,16,1,0
BRDA:133,17,0,0
BRDA:133,17,1,0
BRDA:148,18,0,0
BRDA:148,18,1,0
BRDA:154,19,0,0
BRDA:154,19,1,0
BRDA:161,20,0,0
BRDA:161,20,1,0
BRF:43
BRH:0
end_of_record
TN:
SF:src/screens/web/WebOnboardingStep2.tsx
FN:11,(anonymous_0)
FN:29,(anonymous_1)
FN:89,(anonymous_2)
FN:102,(anonymous_3)
FN:138,(anonymous_4)
FN:169,(anonymous_5)
FN:214,(anonymous_6)
FN:251,(anonymous_7)
FN:288,(anonymous_8)
FN:325,(anonymous_9)
FNF:10
FNH:0
FNDA:0,(anonymous_0)
FNDA:0,(anonymous_1)
FNDA:0,(anonymous_2)
FNDA:0,(anonymous_3)
FNDA:0,(anonymous_4)
FNDA:0,(anonymous_5)
FNDA:0,(anonymous_6)
FNDA:0,(anonymous_7)
FNDA:0,(anonymous_8)
FNDA:0,(anonymous_9)
DA:11,0
DA:12,0
DA:13,0
DA:14,0
DA:15,0
DA:16,0
DA:17,0
DA:19,0
DA:29,0
DA:38,0
DA:41,0
DA:42,0
DA:44,0
DA:45,0
DA:46,0
DA:51,0
DA:52,0
DA:53,0
DA:54,0
DA:56,0
DA:57,0
DA:59,0
DA:60,0
DA:62,0
DA:63,0
DA:65,0
DA:66,0
DA:70,0
DA:71,0
DA:72,0
DA:76,0
DA:77,0
DA:79,0
DA:80,0
DA:81,0
DA:85,0
DA:86,0
DA:89,0
DA:90,0
DA:92,0
DA:102,0
DA:103,0
DA:104,0
DA:105,0
DA:106,0
DA:109,0
DA:138,0
DA:169,0
DA:214,0
DA:251,0
DA:288,0
DA:325,0
DA:385,0
DA:472,0
DA:473,0
DA:474,0
DA:475,0
LF:57
LH:0
BRDA:12,0,0,0
BRDA:12,0,1,0
BRDA:13,1,0,0
BRDA:13,1,1,0
BRDA:14,2,0,0
BRDA:14,2,1,0
BRDA:15,3,0,0
BRDA:15,3,1,0
BRDA:16,4,0,0
BRDA:16,4,1,0
BRDA:17,5,0,0
BRDA:17,5,1,0
BRDA:41,6,0,0
BRDA:41,6,1,0
BRDA:45,7,0,0
BRDA:45,7,1,0
BRDA:45,8,0,0
BRDA:45,8,1,0
BRDA:56,9,0,0
BRDA:56,9,1,0
BRDA:56,10,0,0
BRDA:56,10,1,0
BRDA:56,10,2,0
BRDA:59,11,0,0
BRDA:59,11,1,0
BRDA:59,12,0,0
BRDA:59,12,1,0
BRDA:59,12,2,0
BRDA:62,13,0,0
BRDA:62,13,1,0
BRDA:62,14,0,0
BRDA:62,14,1,0
BRDA:62,14,2,0
BRDA:65,15,0,0
BRDA:65,15,1,0
BRDA:65,16,0,0
BRDA:65,16,1,0
BRDA:65,16,2,0
BRDA:71,17,0,0
BRDA:71,17,1,0
BRDA:76,18,0,0
BRDA:76,18,1,0
BRDA:80,19,0,0
BRDA:80,19,1,0
BRDA:80,20,0,0
BRDA:80,20,1,0
BRDA:90,21,0,0
BRDA:90,21,1,0
BRDA:140,22,0,0
BRDA:140,22,1,0
BRDA:144,23,0,0
BRDA:144,23,1,0
BRDA:171,24,0,0
BRDA:171,24,1,0
BRDA:175,25,0,0
BRDA:175,25,1,0
BRDA:205,26,0,0
BRDA:205,26,1,0
BRDA:242,27,0,0
BRDA:242,27,1,0
BRDA:279,28,0,0
BRDA:279,28,1,0
BRDA:316,29,0,0
BRDA:316,29,1,0
BRDA:343,30,0,0
BRDA:343,30,1,0
BRDA:352,31,0,0
BRDA:352,31,1,0
BRDA:361,32,0,0
BRDA:361,32,1,0
BRDA:472,33,0,0
BRDA:472,33,1,0
BRF:72
BRH:0
end_of_record
TN:
SF:src/screens/web/WebOnboardingStep3.tsx
FN:13,(anonymous_0)
FN:17,(anonymous_1)
FN:28,(anonymous_2)
FN:36,(anonymous_3)
FN:37,(anonymous_4)
FN:39,(anonymous_5)
FN:44,(anonymous_6)
FN:71,(anonymous_7)
FN:86,(anonymous_8)
FN:89,(anonymous_9)
FNF:10
FNH:0
FNDA:0,(anonymous_0)
FNDA:0,(anonymous_1)
FNDA:0,(anonymous_2)
FNDA:0,(anonymous_3)
FNDA:0,(anonymous_4)
FNDA:0,(anonymous_5)
FNDA:0,(anonymous_6)
FNDA:0,(anonymous_7)
FNDA:0,(anonymous_8)
FNDA:0,(anonymous_9)
DA:13,0
DA:14,0
DA:15,0
DA:17,0
DA:18,0
DA:20,0
DA:21,0
DA:24,0
DA:25,0
DA:28,0
DA:29,0
DA:31,0
DA:36,0
DA:37,0
DA:38,0
DA:39,0
DA:44,0
DA:46,0
DA:72,0
DA:73,0
DA:80,0
DA:87,0
DA:89,0
LF:23
LH:0
BRDA:13,0,0,0
BRDA:14,1,0,0
BRDA:14,1,1,0
BRDA:20,2,0,0
BRDA:20,2,1,0
BRDA:29,3,0,0
BRDA:29,3,1,0
BRDA:38,4,0,0
BRDA:38,4,1,0
BRDA:91,5,0,0
BRDA:91,5,1,0
BRDA:105,6,0,0
BRDA:105,6,1,0
BRDA:112,7,0,0
BRDA:112,7,1,0
BRDA:126,8,0,0
BRDA:126,8,1,0
BRF:17
BRH:0
end_of_record
TN:
SF:src/screens/web/WebOnboardingStep4.tsx
FN:12,(anonymous_0)
FN:17,(anonymous_1)
FN:36,(anonymous_2)
FN:69,(anonymous_3)
FN:89,(anonymous_4)
FNF:5
FNH:0
FNDA:0,(anonymous_0)
FNDA:0,(anonymous_1)
FNDA:0,(anonymous_2)
FNDA:0,(anonymous_3)
FNDA:0,(anonymous_4)
DA:12,0
DA:13,0
DA:14,0
DA:15,0
DA:17,0
DA:18,0
DA:20,0
DA:21,0
DA:22,0
DA:23,0
DA:26,0
DA:27,0
DA:28,0
DA:29,0
DA:32,0
DA:33,0
DA:36,0
DA:37,0
DA:39,0
DA:44,0
DA:69,0
DA:89,0
LF:22
LH:0
BRDA:12,0,0,0
BRDA:13,1,0,0
BRDA:13,1,1,0
BRDA:20,2,0,0
BRDA:20,2,1,0
BRDA:22,3,0,0
BRDA:22,3,1,0
BRDA:26,4,0,0
BRDA:26,4,1,0
BRDA:28,5,0,0
BRDA:28,5,1,0
BRDA:37,6,0,0
BRDA:37,6,1,0
BRDA:71,7,0,0
BRDA:71,7,1,0
BRDA:76,8,0,0
BRDA:76,8,1,0
BRDA:91,9,0,0
BRDA:91,9,1,0
BRDA:96,10,0,0
BRDA:96,10,1,0
BRDA:114,11,0,0
BRDA:114,11,1,0
BRDA:128,12,0,0
BRDA:128,12,1,0
BRF:25
BRH:0
end_of_record
TN:
SF:src/screens/web/WebRegistrationScreen.tsx
FN:13,(anonymous_0)
FN:25,(anonymous_1)
FN:54,(anonymous_2)
FN:85,(anonymous_3)
FN:86,(anonymous_4)
FN:105,(anonymous_5)
FN:106,(anonymous_6)
FN:109,(anonymous_7)
FN:129,(anonymous_8)
FN:145,(anonymous_9)
FN:172,(anonymous_10)
FN:199,(anonymous_11)
FN:208,(anonymous_12)
FN:237,(anonymous_13)
FN:246,(anonymous_14)
FNF:15
FNH:0
FNDA:0,(anonymous_0)
FNDA:0,(anonymous_1)
FNDA:0,(anonymous_2)
FNDA:0,(anonymous_3)
FNDA:0,(anonymous_4)
FNDA:0,(anonymous_5)
FNDA:0,(anonymous_6)
FNDA:0,(anonymous_7)
FNDA:0,(anonymous_8)
FNDA:0,(anonymous_9)
FNDA:0,(anonymous_10)
FNDA:0,(anonymous_11)
FNDA:0,(anonymous_12)
FNDA:0,(anonymous_13)
FNDA:0,(anonymous_14)
DA:13,0
DA:14,0
DA:20,0
DA:21,0
DA:22,0
DA:23,0
DA:25,0
DA:26,0
DA:28,0
DA:29,0
DA:32,0
DA:33,0
DA:34,0
DA:35,0
DA:38,0
DA:39,0
DA:40,0
DA:41,0
DA:44,0
DA:45,0
DA:46,0
DA:47,0
DA:50,0
DA:51,0
DA:54,0
DA:55,0
DA:57,0
DA:58,0
DA:59,0
DA:60,0
DA:62,0
DA:69,0
DA:71,0
DA:72,0
DA:74,0
DA:75,0
DA:76,0
DA:78,0
DA:80,0
DA:82,0
DA:85,0
DA:86,0
DA:88,0
DA:89,0
DA:90,0
DA:91,0
DA:92,0
DA:93,0
DA:94,0
DA:96,0
DA:99,0
DA:101,0
DA:105,0
DA:106,0
DA:108,0
DA:109,0
DA:113,0
DA:129,0
DA:145,0
DA:172,0
DA:199,0
DA:208,0
DA:237,0
DA:246,0
LF:64
LH:0
BRDA:28,0,0,0
BRDA:28,0,1,0
BRDA:32,1,0,0
BRDA:32,1,1,0
BRDA:34,2,0,0
BRDA:34,2,1,0
BRDA:38,3,0,0
BRDA:38,3,1,0
BRDA:40,4,0,0
BRDA:40,4,1,0
BRDA:44,5,0,0
BRDA:44,5,1,0
BRDA:46,6,0,0
BRDA:46,6,1,0
BRDA:55,7,0,0
BRDA:55,7,1,0
BRDA:65,8,0,0
BRDA:65,8,1,0
BRDA:66,9,0,0
BRDA:66,9,1,0
BRDA:74,10,0,0
BRDA:74,10,1,0
BRDA:74,11,0,0
BRDA:74,11,1,0
BRDA:80,12,0,0
BRDA:80,12,1,0
BRDA:89,13,0,0
BRDA:89,13,1,0
BRDA:92,14,0,0
BRDA:92,14,1,0
BRDA:96,15,0,0
BRDA:96,15,1,0
BRDA:108,16,0,0
BRDA:108,16,1,0
BRDA:147,17,0,0
BRDA:147,17,1,0
BRDA:152,18,0,0
BRDA:152,18,1,0
BRDA:174,19,0,0
BRDA:174,19,1,0
BRDA:179,20,0,0
BRDA:179,20,1,0
BRDA:195,21,0,0
BRDA:195,21,1,0
BRDA:201,22,0,0
BRDA:201,22,1,0
BRDA:210,23,0,0
BRDA:210,23,1,0
BRDA:217,24,0,0
BRDA:217,24,1,0
BRDA:233,25,0,0
BRDA:233,25,1,0
BRDA:239,26,0,0
BRDA:239,26,1,0
BRDA:248,27,0,0
BRDA:248,27,1,0
BRDA:255,28,0,0
BRDA:255,28,1,0
BRDA:266,29,0,0
BRDA:266,29,1,0
BRDA:278,30,0,0
BRDA:278,30,1,0
BRF:62
BRH:0
end_of_record
TN:
SF:src/services/authService.ts
FN:15,(anonymous_0)
FN:20,(anonymous_1)
FN:91,(anonymous_2)
FN:95,(anonymous_3)
FN:99,(anonymous_4)
FN:100,(anonymous_5)
FN:122,(anonymous_6)
FNF:7
FNH:0
FNDA:0,(anonymous_0)
FNDA:0,(anonymous_1)
FNDA:0,(anonymous_2)
FNDA:0,(anonymous_3)
FNDA:0,(anonymous_4)
FNDA:0,(anonymous_5)
FNDA:0,(anonymous_6)
DA:16,0
DA:17,0
DA:21,0
DA:22,0
DA:26,0
DA:29,0
DA:32,0
DA:33,0
DA:36,0
DA:39,0
DA:42,0
DA:60,0
DA:63,0
DA:65,0
DA:66,0
DA:69,0
DA:70,0
DA:73,0
DA:74,0
DA:81,0
DA:84,0
DA:88,0
DA:92,0
DA:96,0
DA:100,0
DA:101,0
DA:102,0
DA:103,0
DA:104,0
DA:109,0
DA:114,0
DA:117,0
DA:123,0
LF:33
LH:0
BRDA:21,0,0,0
BRDA:21,0,1,0
BRDA:21,1,0,0
BRDA:21,1,1,0
BRDA:21,1,2,0
BRDA:21,1,3,0
BRDA:21,1,4,0
BRDA:32,2,0,0
BRDA:32,2,1,0
BRDA:57,3,0,0
BRDA:57,3,1,0
BRDA:73,4,0,0
BRDA:73,4,1,0
BRDA:101,5,0,0
BRDA:101,5,1,0
BRDA:103,6,0,0
BRDA:103,6,1,0
BRDA:111,7,0,0
BRDA:111,7,1,0
BRDA:112,8,0,0
BRDA:112,8,1,0
BRDA:112,8,2,0
BRF:22
BRH:0
end_of_record
TN:
SF:src/services/balanceService.ts
FN:9,(anonymous_0)
FN:16,(anonymous_1)
FN:73,(anonymous_2)
FN:95,(anonymous_3)
FN:115,(anonymous_4)
FN:131,(anonymous_5)
FN:209,(anonymous_6)
FN:232,(anonymous_7)
FN:286,(anonymous_8)
FN:313,(anonymous_9)
FN:334,(anonymous_10)
FN:350,(anonymous_11)
FN:364,(anonymous_12)
FN:404,(anonymous_13)
FN:416,(anonymous_14)
FN:436,(anonymous_15)
FN:437,(anonymous_16)
FN:447,(anonymous_17)
FN:468,(anonymous_18)
FN:481,(anonymous_19)
FN:504,(anonymous_20)
FNF:21
FNH:0
FNDA:0,(anonymous_0)
FNDA:0,(anonymous_1)
FNDA:0,(anonymous_2)
FNDA:0,(anonymous_3)
FNDA:0,(anonymous_4)
FNDA:0,(anonymous_5)
FNDA:0,(anonymous_6)
FNDA:0,(anonymous_7)
FNDA:0,(anonymous_8)
FNDA:0,(anonymous_9)
FNDA:0,(anonymous_10)
FNDA:0,(anonymous_11)
FNDA:0,(anonymous_12)
FNDA:0,(anonymous_13)
FNDA:0,(anonymous_14)
FNDA:0,(anonymous_15)
FNDA:0,(anonymous_16)
FNDA:0,(anonymous_17)
FNDA:0,(anonymous_18)
FNDA:0,(anonymous_19)
FNDA:0,(anonymous_20)
DA:10,0
DA:23,0
DA:24,0
DA:25,0
DA:26,0
DA:29,0
DA:32,0
DA:37,0
DA:52,0
DA:53,0
DA:54,0
DA:57,0
DA:60,0
DA:62,0
DA:63,0
DA:65,0
DA:66,0
DA:74,0
DA:75,0
DA:76,0
DA:78,0
DA:79,0
DA:80,0
DA:83,0
DA:84,0
DA:87,0
DA:88,0
DA:96,0
DA:97,0
DA:103,0
DA:104,0
DA:105,0
DA:107,0
DA:108,0
DA:116,0
DA:117,0
DA:118,0
DA:123,0
DA:124,0
DA:137,0
DA:138,0
DA:139,0
DA:140,0
DA:144,0
DA:146,0
DA:148,0
DA:149,0
DA:156,0
DA:165,0
DA:166,0
DA:167,0
DA:169,0
DA:196,0
DA:198,0
DA:200,0
DA:201,0
DA:215,0
DA:217,0
DA:218,0
DA:224,0
DA:226,0
DA:227,0
DA:228,0
DA:229,0
DA:230,0
DA:232,0
DA:233,0
DA:235,0
DA:236,0
DA:239,0
DA:241,0
DA:242,0
DA:244,0
DA:245,0
DA:247,0
DA:248,0
DA:251,0
DA:256,0
DA:257,0
DA:261,0
DA:262,0
DA:265,0
DA:266,0
DA:267,0
DA:268,0
DA:270,0
DA:277,0
DA:278,0
DA:292,0
DA:293,0
DA:297,0
DA:298,0
DA:299,0
DA:300,0
DA:302,0
DA:314,0
DA:315,0
DA:316,0
DA:317,0
DA:319,0
DA:320,0
DA:321,0
DA:324,0
DA:326,0
DA:327,0
DA:335,0
DA:336,0
DA:337,0
DA:338,0
DA:340,0
DA:341,0
DA:349,0
DA:350,0
DA:356,0
DA:357,0
DA:365,0
DA:366,0
DA:367,0
DA:368,0
DA:370,0
DA:371,0
DA:372,0
DA:380,0
DA:381,0
DA:384,0
DA:385,0
DA:386,0
DA:387,0
DA:394,0
DA:396,0
DA:397,0
DA:405,0
DA:406,0
DA:407,0
DA:408,0
DA:415,0
DA:416,0
DA:422,0
DA:423,0
DA:425,0
DA:427,0
DA:428,0
DA:437,0
DA:438,0
DA:440,0
DA:448,0
DA:449,0
DA:452,0
DA:453,0
DA:455,0
DA:456,0
DA:462,0
DA:469,0
DA:482,0
DA:483,0
DA:484,0
DA:485,0
DA:486,0
DA:489,0
DA:490,0
DA:496,0
DA:498,0
DA:499,0
DA:500,0
DA:501,0
DA:502,0
DA:504,0
DA:505,0
DA:507,0
DA:508,0
DA:511,0
DA:513,0
DA:514,0
DA:516,0
DA:517,0
DA:519,0
DA:520,0
DA:523,0
DA:529,0
DA:530,0
DA:533,0
DA:545,0
DA:563,0
DA:564,0
DA:565,0
DA:567,0
DA:568,0
LF:187
LH:0
BRDA:32,0,0,0
BRDA:32,0,1,0
BRDA:78,1,0,0
BRDA:78,1,1,0
BRDA:144,2,0,0
BRDA:144,2,1,0
BRDA:148,3,0,0
BRDA:148,3,1,0
BRDA:165,4,0,0
BRDA:165,4,1,0
BRDA:166,5,0,0
BRDA:166,5,1,0
BRDA:174,6,0,0
BRDA:174,6,1,0
BRDA:175,7,0,0
BRDA:175,7,1,0
BRDA:185,8,0,0
BRDA:185,8,1,0
BRDA:235,9,0,0
BRDA:235,9,1,0
BRDA:239,10,0,0
BRDA:239,10,1,0
BRDA:239,10,2,0
BRDA:239,10,3,0
BRDA:256,11,0,0
BRDA:256,11,1,0
BRDA:292,12,0,0
BRDA:292,12,1,0
BRDA:319,13,0,0
BRDA:319,13,1,0
BRDA:370,14,0,0
BRDA:370,14,1,0
BRDA:385,15,0,0
BRDA:385,15,1,0
BRDA:438,16,0,0
BRDA:438,16,1,0
BRDA:440,17,0,0
BRDA:440,17,1,0
BRDA:448,18,0,0
BRDA:448,18,1,0
BRDA:455,19,0,0
BRDA:455,19,1,0
BRDA:507,20,0,0
BRDA:507,20,1,0
BRDA:511,21,0,0
BRDA:511,21,1,0
BRDA:511,21,2,0
BRDA:511,21,3,0
BRDA:533,22,0,0
BRDA:533,22,1,0
BRF:50
BRH:0
end_of_record
TN:
SF:src/services/financialService.ts
FN:12,(anonymous_0)
FN:14,(anonymous_1)
FN:18,(anonymous_2)
FN:19,(anonymous_3)
FN:32,(anonymous_4)
FN:33,(anonymous_5)
FN:37,(anonymous_6)
FN:43,(anonymous_7)
FN:44,(anonymous_8)
FN:51,(anonymous_9)
FN:56,(anonymous_10)
FN:61,(anonymous_11)
FN:64,(anonymous_12)
FN:69,(anonymous_13)
FN:74,(anonymous_14)
FNF:15
FNH:0
FNDA:0,(anonymous_0)
FNDA:0,(anonymous_1)
FNDA:0,(anonymous_2)
FNDA:0,(anonymous_3)
FNDA:0,(anonymous_4)
FNDA:0,(anonymous_5)
FNDA:0,(anonymous_6)
FNDA:0,(anonymous_7)
FNDA:0,(anonymous_8)
FNDA:0,(anonymous_9)
FNDA:0,(anonymous_10)
FNDA:0,(anonymous_11)
FNDA:0,(anonymous_12)
FNDA:0,(anonymous_13)
FNDA:0,(anonymous_14)
DA:5,0
DA:14,0
DA:15,0
DA:19,0
DA:21,0
DA:26,0
DA:27,0
DA:29,0
DA:33,0
DA:34,0
DA:38,0
DA:39,0
DA:40,0
DA:44,0
DA:45,0
DA:52,0
DA:53,0
DA:55,0
DA:57,0
DA:61,0
DA:65,0
DA:66,0
DA:68,0
DA:70,0
DA:74,0
LF:25
LH:0
BRDA:45,0,0,0
BRDA:45,0,1,0
BRDA:57,1,0,0
BRDA:57,1,1,0
BRDA:57,1,2,0
BRDA:70,2,0,0
BRDA:70,2,1,0
BRDA:70,2,2,0
BRF:8
BRH:0
end_of_record
TN:
SF:src/services/userService.ts
FN:6,(anonymous_0)
FN:65,(anonymous_1)
FN:76,(anonymous_2)
FNF:3
FNH:0
FNDA:0,(anonymous_0)
FNDA:0,(anonymous_1)
FNDA:0,(anonymous_2)
DA:6,0
DA:7,0
DA:8,0
DA:10,0
DA:11,0
DA:13,0
DA:14,0
DA:15,0
DA:16,0
DA:26,0
DA:53,0
DA:54,0
DA:56,0
DA:57,0
DA:60,0
DA:61,0
DA:65,0
DA:66,0
DA:67,0
DA:68,0
DA:69,0
DA:71,0
DA:72,0
DA:76,0
DA:77,0
DA:78,0
DA:79,0
DA:80,0
DA:82,0
DA:84,0
DA:85,0
LF:31
LH:0
BRDA:13,0,0,0
BRDA:13,0,1,0
BRDA:28,1,0,0
BRDA:28,1,1,0
BRDA:29,2,0,0
BRDA:29,2,1,0
BRDA:29,3,0,0
BRDA:29,3,1,0
BRDA:30,4,0,0
BRDA:30,4,1,0
BRDA:31,5,0,0
BRDA:31,5,1,0
BRDA:32,6,0,0
BRDA:32,6,1,0
BRDA:33,7,0,0
BRDA:33,7,1,0
BRDA:34,8,0,0
BRDA:34,8,1,0
BRDA:35,9,0,0
BRDA:35,9,1,0
BRDA:40,10,0,0
BRDA:40,10,1,0
BRDA:44,11,0,0
BRDA:44,11,1,0
BRDA:49,12,0,0
BRDA:49,12,1,0
BRF:26
BRH:0
end_of_record
TN:
SF:src/utils/currencyUtils.ts
FN:7,(anonymous_0)
FN:30,(anonymous_1)
FN:39,(anonymous_2)
FNF:3
FNH:0
FNDA:0,(anonymous_0)
FNDA:0,(anonymous_1)
FNDA:0,(anonymous_2)
DA:7,0
DA:8,0
DA:15,0
DA:18,0
DA:19,0
DA:22,0
DA:30,0
DA:31,0
DA:39,0
DA:41,0
DA:42,0
DA:43,0
LF:12
LH:0
BRDA:7,0,0,0
BRDA:18,1,0,0
BRDA:18,1,1,0
BRDA:43,2,0,0
BRDA:43,2,1,0
BRF:5
BRH:0
end_of_record
TN:
SF:src/utils/financialUtils.ts
FN:10,(anonymous_0)
FN:37,(anonymous_1)
FN:59,(anonymous_2)
FN:68,(anonymous_3)
FN:72,(anonymous_4)
FN:94,(anonymous_5)
FNF:6
FNH:0
FNDA:0,(anonymous_0)
FNDA:0,(anonymous_1)
FNDA:0,(anonymous_2)
FNDA:0,(anonymous_3)
FNDA:0,(anonymous_4)
FNDA:0,(anonymous_5)
DA:10,0
DA:11,0
DA:12,0
DA:20,0
DA:21,0
DA:29,0
DA:37,0
DA:43,0
DA:46,0
DA:47,0
DA:50,0
DA:51,0
DA:54,0
DA:56,0
DA:59,0
DA:60,0
DA:68,0
DA:69,0
DA:72,0
DA:81,0
DA:83,0
DA:84,0
DA:87,0
DA:94,0
DA:95,0
DA:97,0
DA:98,0
DA:99,0
DA:100,0
DA:101,0
DA:102,0
DA:103,0
DA:104,0
DA:106,0
DA:107,0
DA:108,0
DA:111,0
LF:37
LH:0
BRDA:11,0,0,0
BRDA:11,0,1,0
BRDA:20,1,0,0
BRDA:20,1,1,0
BRDA:59,2,0,0
BRDA:68,3,0,0
BRDA:83,4,0,0
BRDA:83,4,1,0
BRDA:97,5,0,0
BRDA:97,5,1,0
BRDA:101,6,0,0
BRDA:101,6,1,0
BRF:12
BRH:0
end_of_record
TN:
SF:src/utils/validation.ts
FN:3,(anonymous_0)
FN:8,(anonymous_1)
FN:12,(anonymous_2)
FN:16,(anonymous_3)
FN:20,(anonymous_4)
FN:24,(anonymous_5)
FN:33,(anonymous_6)
FN:51,(anonymous_7)
FNF:8
FNH:8
FNDA:36,(anonymous_0)
FNDA:28,(anonymous_1)
FNDA:44,(anonymous_2)
FNDA:26,(anonymous_3)
FNDA:22,(anonymous_4)
FNDA:22,(anonymous_5)
FNDA:6,(anonymous_6)
FNDA:8,(anonymous_7)
DA:3,3
DA:4,36
DA:5,36
DA:8,3
DA:9,28
DA:12,3
DA:13,44
DA:16,3
DA:17,26
DA:20,3
DA:21,22
DA:24,3
DA:25,22
DA:33,3
DA:34,6
DA:36,6
DA:37,2
DA:38,4
DA:39,1
DA:42,6
DA:43,2
DA:44,4
DA:45,1
DA:48,6
DA:51,3
DA:60,8
DA:62,8
DA:63,0
DA:64,8
DA:65,1
DA:68,8
DA:69,0
DA:70,8
DA:71,1
DA:74,8
DA:75,1
DA:78,8
DA:79,1
DA:82,8
DA:83,1
DA:86,8
DA:87,1
DA:90,8
DA:91,1
DA:94,8
LF:45
LH:43
BRDA:17,0,0,26
BRDA:17,0,1,19
BRDA:21,1,0,22
BRDA:21,1,1,17
BRDA:25,2,0,22
BRDA:25,2,1,17
BRDA:36,3,0,2
BRDA:36,3,1,4
BRDA:38,4,0,1
BRDA:38,4,1,3
BRDA:42,5,0,2
BRDA:42,5,1,4
BRDA:44,6,0,1
BRDA:44,6,1,3
BRDA:62,7,0,0
BRDA:62,7,1,8
BRDA:64,8,0,1
BRDA:64,8,1,7
BRDA:68,9,0,0
BRDA:68,9,1,8
BRDA:70,10,0,1
BRDA:70,10,1,7
BRDA:74,11,0,1
BRDA:74,11,1,7
BRDA:78,12,0,1
BRDA:78,12,1,7
BRDA:82,13,0,1
BRDA:82,13,1,7
BRDA:86,14,0,1
BRDA:86,14,1,7
BRDA:90,15,0,1
BRDA:90,15,1,7
BRF:32
BRH:30
end_of_record
